#
# There is insufficient memory for the Java Runtime Environment to continue.
# Native memory allocation (mmap) failed to map 234881024 bytes for G1 virtual space
# Possible reasons:
#   The system is out of physical RAM or swap space
#   The process is running with CompressedOops enabled, and the Java Heap may be blocking the growth of the native heap
# Possible solutions:
#   Reduce memory load on the system
#   Increase physical memory or swap space
#   Check if swap backing store is full
#   Decrease Java heap size (-Xmx/-Xms)
#   Decrease number of Java threads
#   Decrease Java thread stack sizes (-Xss)
#   Set larger code cache with -XX:ReservedCodeCacheSize=
#   JVM is running with Unscaled Compressed Oops mode in which the Java heap is
#     placed in the first 4GB address space. The Java Heap base address is the
#     maximum limit for the native heap growth. Please use -XX:HeapBaseMinAddress
#     to set the Java Heap base and to place the Java Heap above 4GB virtual address.
# This output file may be truncated or incomplete.
#
#  Out of Memory Error (os_windows.cpp:3600), pid=13336, tid=2068
#
# JRE version: Java(TM) SE Runtime Environment (21.0.3+7) (build 21.0.3+7-LTS-152)
# Java VM: Java HotSpot(TM) 64-Bit Server VM (21.0.3+7-LTS-152, mixed mode, emulated-client, sharing, tiered, compressed oops, compressed class ptrs, g1 gc, windows-amd64)
# No core dump will be written. Minidumps are not enabled by default on client versions of Windows
#

---------------  S U M M A R Y ------------

Command Line: -XX:TieredStopAtLevel=1 com.auca_hr.AUCA_HR_System.AucaHrSystemApplication

Host: Intel(R) Core(TM) i5-1035G1 CPU @ 1.00GHz, 8 cores, 7G,  Windows 11 , 64 bit Build 22621 (10.0.22621.3672)
Time: Tue Jun 10 23:35:15 2025 South Africa Standard Time elapsed time: 17.887182 seconds (0d 0h 0m 17s)

---------------  T H R E A D  ---------------

Current thread (0x00000290484a0ec0):  VMThread "VM Thread"          [id=2068, stack(0x000000c401a00000,0x000000c401b00000) (1024K)]

Stack: [0x000000c401a00000,0x000000c401b00000]
Native frames: (J=compiled Java code, j=interpreted, Vv=VM code, C=native code)
V  [jvm.dll+0x6c63b9]
V  [jvm.dll+0x84fa11]
V  [jvm.dll+0x851f3e]
V  [jvm.dll+0x852613]
V  [jvm.dll+0x27cd46]
V  [jvm.dll+0x6c2b55]
V  [jvm.dll+0x6b76da]
V  [jvm.dll+0x35051a]
V  [jvm.dll+0x358176]
V  [jvm.dll+0x3aa84e]
V  [jvm.dll+0x3aaaf8]
V  [jvm.dll+0x32491c]
V  [jvm.dll+0x3249a7]
V  [jvm.dll+0x36923c]
V  [jvm.dll+0x367a7e]
V  [jvm.dll+0x324091]
V  [jvm.dll+0x36719a]
V  [jvm.dll+0x857fd0]
V  [jvm.dll+0x8590d4]
V  [jvm.dll+0x859610]
V  [jvm.dll+0x8598b3]
V  [jvm.dll+0x7f9ffb]
V  [jvm.dll+0x6c4a9d]
C  [ucrtbase.dll+0x29333]
C  [KERNEL32.DLL+0x1257d]
C  [ntdll.dll+0x5af28]

VM_Operation (0x000000c4028f6840): G1CollectForAllocation, mode: safepoint, requested by thread 0x000002908e56f410


---------------  P R O C E S S  ---------------

Threads class SMR info:
_java_thread_list=0x00000290904c5930, length=19, elements={
0x0000029035bcff30, 0x00000290484bfce0, 0x00000290484c0830, 0x00000290484c3950,
0x00000290484c4a60, 0x00000290484c59c0, 0x00000290484ca8a0, 0x00000290484d5060,
0x0000029048637390, 0x0000029048736ac0, 0x000002904873b310, 0x00000290486365f0,
0x000002908e530e00, 0x000002908e56f410, 0x000002908f8f4300, 0x000002908f99b710,
0x000002908fc39020, 0x000002909097c940, 0x000002908e47b050
}

Java Threads: ( => current thread )
  0x0000029035bcff30 JavaThread "main"                              [_thread_blocked, id=20344, stack(0x000000c401300000,0x000000c401400000) (1024K)]
  0x00000290484bfce0 JavaThread "Reference Handler"          daemon [_thread_blocked, id=20052, stack(0x000000c401b00000,0x000000c401c00000) (1024K)]
  0x00000290484c0830 JavaThread "Finalizer"                  daemon [_thread_blocked, id=4000, stack(0x000000c401c00000,0x000000c401d00000) (1024K)]
  0x00000290484c3950 JavaThread "Signal Dispatcher"          daemon [_thread_blocked, id=11676, stack(0x000000c401d00000,0x000000c401e00000) (1024K)]
  0x00000290484c4a60 JavaThread "Attach Listener"            daemon [_thread_blocked, id=14424, stack(0x000000c401e00000,0x000000c401f00000) (1024K)]
  0x00000290484c59c0 JavaThread "Service Thread"             daemon [_thread_blocked, id=19752, stack(0x000000c401f00000,0x000000c402000000) (1024K)]
  0x00000290484ca8a0 JavaThread "Monitor Deflation Thread"   daemon [_thread_blocked, id=11096, stack(0x000000c402000000,0x000000c402100000) (1024K)]
  0x00000290484d5060 JavaThread "C1 CompilerThread0"         daemon [_thread_blocked, id=21500, stack(0x000000c402100000,0x000000c402200000) (1024K)]
  0x0000029048637390 JavaThread "C1 CompilerThread1"         daemon [_thread_blocked, id=17336, stack(0x000000c402200000,0x000000c402300000) (1024K)]
  0x0000029048736ac0 JavaThread "Notification Thread"        daemon [_thread_blocked, id=20852, stack(0x000000c402300000,0x000000c402400000) (1024K)]
  0x000002904873b310 JavaThread "Common-Cleaner"             daemon [_thread_blocked, id=18868, stack(0x000000c402400000,0x000000c402500000) (1024K)]
  0x00000290486365f0 JavaThread "C1 CompilerThread2"         daemon [_thread_blocked, id=21328, stack(0x000000c402500000,0x000000c402600000) (1024K)]
  0x000002908e530e00 JavaThread "Thread-0"                          [_thread_blocked, id=14832, stack(0x000000c402700000,0x000000c402800000) (1024K)]
  0x000002908e56f410 JavaThread "restartedMain"                     [_thread_blocked, id=19552, stack(0x000000c402800000,0x000000c402900000) (1024K)]
  0x000002908f8f4300 JavaThread "PostgreSQL-JDBC-Cleaner"    daemon [_thread_blocked, id=15636, stack(0x000000c403200000,0x000000c403300000) (1024K)]
  0x000002908f99b710 JavaThread "HikariPool-1:housekeeper"   daemon [_thread_blocked, id=15476, stack(0x000000c403300000,0x000000c403400000) (1024K)]
  0x000002908fc39020 JavaThread "Catalina-utility-1"                [_thread_blocked, id=16536, stack(0x000000c402600000,0x000000c402700000) (1024K)]
  0x000002909097c940 JavaThread "Catalina-utility-2"                [_thread_blocked, id=21008, stack(0x000000c403400000,0x000000c403500000) (1024K)]
  0x000002908e47b050 JavaThread "container-0"                       [_thread_blocked, id=4972, stack(0x000000c403500000,0x000000c403600000) (1024K)]
Total: 19

Other Threads:
=>0x00000290484a0ec0 VMThread "VM Thread"                           [id=2068, stack(0x000000c401a00000,0x000000c401b00000) (1024K)]
  0x000002904848ade0 WatcherThread "VM Periodic Task Thread"        [id=20040, stack(0x000000c401900000,0x000000c401a00000) (1024K)]
  0x0000029037edabb0 WorkerThread "GC Thread#0"                     [id=1672, stack(0x000000c401400000,0x000000c401500000) (1024K)]
  0x000002908e5a9210 WorkerThread "GC Thread#1"                     [id=15240, stack(0x000000c402900000,0x000000c402a00000) (1024K)]
  0x000002908e5a95b0 WorkerThread "GC Thread#2"                     [id=16592, stack(0x000000c402a00000,0x000000c402b00000) (1024K)]
  0x000002908e5a9950 WorkerThread "GC Thread#3"                     [id=17064, stack(0x000000c402b00000,0x000000c402c00000) (1024K)]
  0x000002908e5a9cf0 WorkerThread "GC Thread#4"                     [id=17008, stack(0x000000c402c00000,0x000000c402d00000) (1024K)]
  0x000002908e5aa090 WorkerThread "GC Thread#5"                     [id=20264, stack(0x000000c402d00000,0x000000c402e00000) (1024K)]
  0x000002908e99ac10 WorkerThread "GC Thread#6"                     [id=18776, stack(0x000000c402f00000,0x000000c403000000) (1024K)]
  0x000002908e97bfe0 WorkerThread "GC Thread#7"                     [id=3748, stack(0x000000c403000000,0x000000c403100000) (1024K)]
  0x0000029037eebee0 ConcurrentGCThread "G1 Main Marker"            [id=20788, stack(0x000000c401500000,0x000000c401600000) (1024K)]
  0x0000029037eed1a0 WorkerThread "G1 Conc#0"                       [id=15608, stack(0x000000c401600000,0x000000c401700000) (1024K)]
  0x000002908ef2d620 WorkerThread "G1 Conc#1"                       [id=3936, stack(0x000000c403100000,0x000000c403200000) (1024K)]
  0x0000029048359120 ConcurrentGCThread "G1 Refine#0"               [id=14180, stack(0x000000c401700000,0x000000c401800000) (1024K)]
  0x000002904835a950 ConcurrentGCThread "G1 Service"                [id=3496, stack(0x000000c401800000,0x000000c401900000) (1024K)]
Total: 15

Threads with active compile tasks:
Total: 0

VM state: at safepoint (normal execution)

VM Mutex/Monitor currently owned by a thread:  ([mutex/lock_event])
[0x00007ff81d902da8] Threads_lock - owner thread: 0x00000290484a0ec0
[0x00007ff81d902ea8] Heap_lock - owner thread: 0x000002908e56f410

Heap address: 0x0000000086600000, size: 1946 MB, Compressed Oops mode: 32-bit

CDS archive(s) mapped at: [0x0000029049000000-0x0000029049c90000-0x0000029049c90000), size 13172736, SharedBaseAddress: 0x0000029049000000, ArchiveRelocationMode: 1.
Compressed class space mapped at: 0x000002904a000000-0x000002908a000000, reserved size: 1073741824
Narrow klass base: 0x0000029049000000, Narrow klass shift: 0, Narrow klass range: 0x100000000

GC Precious Log:
 CardTable entry size: 512
 Card Set container configuration: InlinePtr #cards 5 size 8 Array Of Cards #cards 12 size 40 Howl #buckets 4 coarsen threshold 1843 Howl Bitmap #cards 512 size 80 coarsen threshold 460 Card regions per heap region 1 cards per card region 2048
 CPUs: 8 total, 8 available
 Memory: 7778M
 Large Page Support: Disabled
 NUMA Support: Disabled
 Compressed Oops: Enabled (32-bit)
 Heap Region Size: 1M
 Heap Min Capacity: 8M
 Heap Initial Capacity: 122M
 Heap Max Capacity: 1946M
 Pre-touch: Disabled
 Parallel Workers: 8
 Concurrent Workers: 2
 Concurrent Refinement Workers: 8
 Periodic GC: Disabled

Heap:
 garbage-first heap   total 229376K, used 108690K [0x0000000086600000, 0x0000000100000000)
  region size 1024K, 8 young (8192K), 8 survivors (8192K)
 Metaspace       used 65498K, committed 66176K, reserved 1114112K
  class space    used 9753K, committed 10048K, reserved 1048576K

Heap Regions: E=young(eden), S=young(survivor), O=old, HS=humongous(starts), HC=humongous(continues), CS=collection set, F=free, TAMS=top-at-mark-start, PB=parsable bottom
|   0|0x0000000086600000, 0x0000000086700000, 0x0000000086700000|100%|HS|  |TAMS 0x0000000086600000| PB 0x0000000086600000| Complete 
|   1|0x0000000086700000, 0x0000000086800000, 0x0000000086800000|100%|HS|  |TAMS 0x0000000086700000| PB 0x0000000086700000| Complete 
|   2|0x0000000086800000, 0x0000000086900000, 0x0000000086900000|100%| O|  |TAMS 0x0000000086800000| PB 0x0000000086800000| Untracked 
|   3|0x0000000086900000, 0x0000000086a00000, 0x0000000086a00000|100%| O|  |TAMS 0x0000000086900000| PB 0x0000000086900000| Untracked 
|   4|0x0000000086a00000, 0x0000000086b00000, 0x0000000086b00000|100%| O|  |TAMS 0x0000000086a00000| PB 0x0000000086a00000| Untracked 
|   5|0x0000000086b00000, 0x0000000086c00000, 0x0000000086c00000|100%| O|  |TAMS 0x0000000086b00000| PB 0x0000000086b00000| Untracked 
|   6|0x0000000086c00000, 0x0000000086d00000, 0x0000000086d00000|100%| O|  |TAMS 0x0000000086c00000| PB 0x0000000086c00000| Untracked 
|   7|0x0000000086d00000, 0x0000000086e00000, 0x0000000086e00000|100%| O|  |TAMS 0x0000000086d00000| PB 0x0000000086d00000| Untracked 
|   8|0x0000000086e00000, 0x0000000086f00000, 0x0000000086f00000|100%| O|  |TAMS 0x0000000086e00000| PB 0x0000000086e00000| Untracked 
|   9|0x0000000086f00000, 0x0000000087000000, 0x0000000087000000|100%| O|  |TAMS 0x0000000086f00000| PB 0x0000000086f00000| Untracked 
|  10|0x0000000087000000, 0x0000000087100000, 0x0000000087100000|100%| O|  |TAMS 0x0000000087000000| PB 0x0000000087000000| Untracked 
|  11|0x0000000087100000, 0x0000000087200000, 0x0000000087200000|100%| O|  |TAMS 0x0000000087100000| PB 0x0000000087100000| Untracked 
|  12|0x0000000087200000, 0x0000000087300000, 0x0000000087300000|100%| O|  |TAMS 0x0000000087200000| PB 0x0000000087200000| Untracked 
|  13|0x0000000087300000, 0x0000000087400000, 0x0000000087400000|100%| O|  |TAMS 0x0000000087300000| PB 0x0000000087300000| Untracked 
|  14|0x0000000087400000, 0x0000000087500000, 0x0000000087500000|100%| O|  |TAMS 0x0000000087400000| PB 0x0000000087400000| Untracked 
|  15|0x0000000087500000, 0x0000000087600000, 0x0000000087600000|100%| O|  |TAMS 0x0000000087500000| PB 0x0000000087500000| Untracked 
|  16|0x0000000087600000, 0x0000000087700000, 0x0000000087700000|100%| O|  |TAMS 0x0000000087600000| PB 0x0000000087600000| Untracked 
|  17|0x0000000087700000, 0x0000000087800000, 0x0000000087800000|100%| O|  |TAMS 0x0000000087700000| PB 0x0000000087700000| Untracked 
|  18|0x0000000087800000, 0x0000000087900000, 0x0000000087900000|100%| O|  |TAMS 0x0000000087800000| PB 0x0000000087800000| Untracked 
|  19|0x0000000087900000, 0x0000000087a00000, 0x0000000087a00000|100%| O|  |TAMS 0x0000000087900000| PB 0x0000000087900000| Untracked 
|  20|0x0000000087a00000, 0x0000000087b00000, 0x0000000087b00000|100%| O|  |TAMS 0x0000000087a00000| PB 0x0000000087a00000| Untracked 
|  21|0x0000000087b00000, 0x0000000087c00000, 0x0000000087c00000|100%| O|  |TAMS 0x0000000087b00000| PB 0x0000000087b00000| Untracked 
|  22|0x0000000087c00000, 0x0000000087d00000, 0x0000000087d00000|100%| O|  |TAMS 0x0000000087c00000| PB 0x0000000087c00000| Untracked 
|  23|0x0000000087d00000, 0x0000000087e00000, 0x0000000087e00000|100%| O|  |TAMS 0x0000000087d00000| PB 0x0000000087d00000| Untracked 
|  24|0x0000000087e00000, 0x0000000087f00000, 0x0000000087f00000|100%| O|  |TAMS 0x0000000087e00000| PB 0x0000000087e00000| Untracked 
|  25|0x0000000087f00000, 0x0000000088000000, 0x0000000088000000|100%| O|  |TAMS 0x0000000087f00000| PB 0x0000000087f00000| Untracked 
|  26|0x0000000088000000, 0x0000000088100000, 0x0000000088100000|100%| O|  |TAMS 0x0000000088000000| PB 0x0000000088000000| Untracked 
|  27|0x0000000088100000, 0x0000000088200000, 0x0000000088200000|100%| O|  |TAMS 0x0000000088100000| PB 0x0000000088100000| Untracked 
|  28|0x0000000088200000, 0x0000000088300000, 0x0000000088300000|100%| O|  |TAMS 0x0000000088200000| PB 0x0000000088200000| Untracked 
|  29|0x0000000088300000, 0x000000008839b500, 0x0000000088400000| 60%| O|  |TAMS 0x0000000088300000| PB 0x0000000088300000| Untracked 
|  30|0x0000000088400000, 0x0000000088400000, 0x0000000088500000|  0%| F|  |TAMS 0x0000000088400000| PB 0x0000000088400000| Untracked 
|  31|0x0000000088500000, 0x0000000088600000, 0x0000000088600000|100%| O|  |TAMS 0x0000000088500000| PB 0x0000000088500000| Untracked 
|  32|0x0000000088600000, 0x0000000088700000, 0x0000000088700000|100%| O|  |TAMS 0x0000000088600000| PB 0x0000000088600000| Untracked 
|  33|0x0000000088700000, 0x0000000088800000, 0x0000000088800000|100%| O|  |TAMS 0x0000000088700000| PB 0x0000000088700000| Untracked 
|  34|0x0000000088800000, 0x0000000088900000, 0x0000000088900000|100%| O|  |TAMS 0x0000000088800000| PB 0x0000000088800000| Untracked 
|  35|0x0000000088900000, 0x0000000088a00000, 0x0000000088a00000|100%| O|  |TAMS 0x0000000088900000| PB 0x0000000088900000| Untracked 
|  36|0x0000000088a00000, 0x0000000088a00000, 0x0000000088b00000|  0%| F|  |TAMS 0x0000000088a00000| PB 0x0000000088a00000| Untracked 
|  37|0x0000000088b00000, 0x0000000088c00000, 0x0000000088c00000|100%| O|  |TAMS 0x0000000088b00000| PB 0x0000000088b00000| Untracked 
|  38|0x0000000088c00000, 0x0000000088d00000, 0x0000000088d00000|100%| O|  |TAMS 0x0000000088c00000| PB 0x0000000088c00000| Untracked 
|  39|0x0000000088d00000, 0x0000000088e00000, 0x0000000088e00000|100%| O|  |TAMS 0x0000000088d00000| PB 0x0000000088d00000| Untracked 
|  40|0x0000000088e00000, 0x0000000088f00000, 0x0000000088f00000|100%| O|  |TAMS 0x0000000088e00000| PB 0x0000000088e00000| Untracked 
|  41|0x0000000088f00000, 0x0000000089000000, 0x0000000089000000|100%| O|  |TAMS 0x0000000088f00000| PB 0x0000000088f00000| Untracked 
|  42|0x0000000089000000, 0x0000000089100000, 0x0000000089100000|100%| O|  |TAMS 0x0000000089000000| PB 0x0000000089000000| Untracked 
|  43|0x0000000089100000, 0x0000000089200000, 0x0000000089200000|100%| O|  |TAMS 0x0000000089100000| PB 0x0000000089100000| Untracked 
|  44|0x0000000089200000, 0x0000000089300000, 0x0000000089300000|100%| O|  |TAMS 0x0000000089200000| PB 0x0000000089200000| Untracked 
|  45|0x0000000089300000, 0x0000000089400000, 0x0000000089400000|100%| O|  |TAMS 0x0000000089300000| PB 0x0000000089300000| Untracked 
|  46|0x0000000089400000, 0x0000000089500000, 0x0000000089500000|100%| O|  |TAMS 0x0000000089400000| PB 0x0000000089400000| Untracked 
|  47|0x0000000089500000, 0x0000000089600000, 0x0000000089600000|100%| O|  |TAMS 0x0000000089500000| PB 0x0000000089500000| Untracked 
|  48|0x0000000089600000, 0x0000000089700000, 0x0000000089700000|100%| O|  |TAMS 0x0000000089600000| PB 0x0000000089600000| Untracked 
|  49|0x0000000089700000, 0x0000000089700000, 0x0000000089800000|  0%| F|  |TAMS 0x0000000089700000| PB 0x0000000089700000| Untracked 
|  50|0x0000000089800000, 0x0000000089800000, 0x0000000089900000|  0%| F|  |TAMS 0x0000000089800000| PB 0x0000000089800000| Untracked 
|  51|0x0000000089900000, 0x0000000089900000, 0x0000000089a00000|  0%| F|  |TAMS 0x0000000089900000| PB 0x0000000089900000| Untracked 
|  52|0x0000000089a00000, 0x0000000089a00000, 0x0000000089b00000|  0%| F|  |TAMS 0x0000000089a00000| PB 0x0000000089a00000| Untracked 
|  53|0x0000000089b00000, 0x0000000089c00000, 0x0000000089c00000|100%| O|  |TAMS 0x0000000089b00000| PB 0x0000000089b00000| Untracked 
|  54|0x0000000089c00000, 0x0000000089c00000, 0x0000000089d00000|  0%| F|  |TAMS 0x0000000089c00000| PB 0x0000000089c00000| Untracked 
|  55|0x0000000089d00000, 0x0000000089d00000, 0x0000000089e00000|  0%| F|  |TAMS 0x0000000089d00000| PB 0x0000000089d00000| Untracked 
|  56|0x0000000089e00000, 0x0000000089e00000, 0x0000000089f00000|  0%| F|  |TAMS 0x0000000089e00000| PB 0x0000000089e00000| Untracked 
|  57|0x0000000089f00000, 0x0000000089f00000, 0x000000008a000000|  0%| F|  |TAMS 0x0000000089f00000| PB 0x0000000089f00000| Untracked 
|  58|0x000000008a000000, 0x000000008a000000, 0x000000008a100000|  0%| F|  |TAMS 0x000000008a000000| PB 0x000000008a000000| Untracked 
|  59|0x000000008a100000, 0x000000008a100000, 0x000000008a200000|  0%| F|  |TAMS 0x000000008a100000| PB 0x000000008a100000| Untracked 
|  60|0x000000008a200000, 0x000000008a200000, 0x000000008a300000|  0%| F|  |TAMS 0x000000008a200000| PB 0x000000008a200000| Untracked 
|  61|0x000000008a300000, 0x000000008a300000, 0x000000008a400000|  0%| F|  |TAMS 0x000000008a300000| PB 0x000000008a300000| Untracked 
|  62|0x000000008a400000, 0x000000008a400000, 0x000000008a500000|  0%| F|  |TAMS 0x000000008a400000| PB 0x000000008a400000| Untracked 
|  63|0x000000008a500000, 0x000000008a600000, 0x000000008a600000|100%| O|  |TAMS 0x000000008a500000| PB 0x000000008a500000| Untracked 
|  64|0x000000008a600000, 0x000000008a700000, 0x000000008a700000|100%| O|  |TAMS 0x000000008a600000| PB 0x000000008a600000| Untracked 
|  65|0x000000008a700000, 0x000000008a800000, 0x000000008a800000|100%| O|  |TAMS 0x000000008a700000| PB 0x000000008a700000| Untracked 
|  66|0x000000008a800000, 0x000000008a900000, 0x000000008a900000|100%| O|  |TAMS 0x000000008a800000| PB 0x000000008a800000| Untracked 
|  67|0x000000008a900000, 0x000000008aa00000, 0x000000008aa00000|100%| O|  |TAMS 0x000000008a900000| PB 0x000000008a900000| Untracked 
|  68|0x000000008aa00000, 0x000000008ab00000, 0x000000008ab00000|100%| O|  |TAMS 0x000000008aa00000| PB 0x000000008aa00000| Untracked 
|  69|0x000000008ab00000, 0x000000008ac00000, 0x000000008ac00000|100%| O|  |TAMS 0x000000008ab00000| PB 0x000000008ab00000| Untracked 
|  70|0x000000008ac00000, 0x000000008ad00000, 0x000000008ad00000|100%| O|  |TAMS 0x000000008ac00000| PB 0x000000008ac00000| Untracked 
|  71|0x000000008ad00000, 0x000000008ae00000, 0x000000008ae00000|100%| O|  |TAMS 0x000000008ad00000| PB 0x000000008ad00000| Untracked 
|  72|0x000000008ae00000, 0x000000008ae00000, 0x000000008af00000|  0%| F|  |TAMS 0x000000008ae00000| PB 0x000000008ae00000| Untracked 
|  73|0x000000008af00000, 0x000000008b000000, 0x000000008b000000|100%| O|  |TAMS 0x000000008af00000| PB 0x000000008af00000| Untracked 
|  74|0x000000008b000000, 0x000000008b100000, 0x000000008b100000|100%| O|  |TAMS 0x000000008b000000| PB 0x000000008b000000| Untracked 
|  75|0x000000008b100000, 0x000000008b200000, 0x000000008b200000|100%| O|  |TAMS 0x000000008b100000| PB 0x000000008b100000| Untracked 
|  76|0x000000008b200000, 0x000000008b300000, 0x000000008b300000|100%| O|  |TAMS 0x000000008b200000| PB 0x000000008b200000| Untracked 
|  77|0x000000008b300000, 0x000000008b400000, 0x000000008b400000|100%| O|  |TAMS 0x000000008b300000| PB 0x000000008b300000| Untracked 
|  78|0x000000008b400000, 0x000000008b500000, 0x000000008b500000|100%| O|  |TAMS 0x000000008b400000| PB 0x000000008b400000| Untracked 
|  79|0x000000008b500000, 0x000000008b600000, 0x000000008b600000|100%| O|  |TAMS 0x000000008b500000| PB 0x000000008b500000| Untracked 
|  80|0x000000008b600000, 0x000000008b700000, 0x000000008b700000|100%| O|  |TAMS 0x000000008b600000| PB 0x000000008b600000| Untracked 
|  81|0x000000008b700000, 0x000000008b800000, 0x000000008b800000|100%| O|  |TAMS 0x000000008b700000| PB 0x000000008b700000| Untracked 
|  82|0x000000008b800000, 0x000000008b900000, 0x000000008b900000|100%| O|  |TAMS 0x000000008b800000| PB 0x000000008b800000| Untracked 
|  83|0x000000008b900000, 0x000000008ba00000, 0x000000008ba00000|100%| O|  |TAMS 0x000000008b900000| PB 0x000000008b900000| Untracked 
|  84|0x000000008ba00000, 0x000000008bb00000, 0x000000008bb00000|100%| O|  |TAMS 0x000000008ba00000| PB 0x000000008ba00000| Untracked 
|  85|0x000000008bb00000, 0x000000008bc00000, 0x000000008bc00000|100%| O|  |TAMS 0x000000008bb00000| PB 0x000000008bb00000| Untracked 
|  86|0x000000008bc00000, 0x000000008bd00000, 0x000000008bd00000|100%| O|  |TAMS 0x000000008bc00000| PB 0x000000008bc00000| Untracked 
|  87|0x000000008bd00000, 0x000000008be00000, 0x000000008be00000|100%| O|  |TAMS 0x000000008bd00000| PB 0x000000008bd00000| Untracked 
|  88|0x000000008be00000, 0x000000008bf00000, 0x000000008bf00000|100%| O|  |TAMS 0x000000008be00000| PB 0x000000008be00000| Untracked 
|  89|0x000000008bf00000, 0x000000008c000000, 0x000000008c000000|100%| O|  |TAMS 0x000000008bf00000| PB 0x000000008bf00000| Untracked 
|  90|0x000000008c000000, 0x000000008c100000, 0x000000008c100000|100%| O|  |TAMS 0x000000008c000000| PB 0x000000008c000000| Untracked 
|  91|0x000000008c100000, 0x000000008c200000, 0x000000008c200000|100%| O|  |TAMS 0x000000008c100000| PB 0x000000008c100000| Untracked 
|  92|0x000000008c200000, 0x000000008c200000, 0x000000008c300000|  0%| F|  |TAMS 0x000000008c200000| PB 0x000000008c200000| Untracked 
|  93|0x000000008c300000, 0x000000008c300000, 0x000000008c400000|  0%| F|  |TAMS 0x000000008c300000| PB 0x000000008c300000| Untracked 
|  94|0x000000008c400000, 0x000000008c400000, 0x000000008c500000|  0%| F|  |TAMS 0x000000008c400000| PB 0x000000008c400000| Untracked 
|  95|0x000000008c500000, 0x000000008c600000, 0x000000008c600000|100%| O|  |TAMS 0x000000008c500000| PB 0x000000008c500000| Untracked 
|  96|0x000000008c600000, 0x000000008c700000, 0x000000008c700000|100%| O|  |TAMS 0x000000008c600000| PB 0x000000008c600000| Untracked 
|  97|0x000000008c700000, 0x000000008c800000, 0x000000008c800000|100%| O|  |TAMS 0x000000008c700000| PB 0x000000008c700000| Untracked 
|  98|0x000000008c800000, 0x000000008c900000, 0x000000008c900000|100%| O|  |TAMS 0x000000008c800000| PB 0x000000008c800000| Untracked 
|  99|0x000000008c900000, 0x000000008ca00000, 0x000000008ca00000|100%| O|  |TAMS 0x000000008c900000| PB 0x000000008c900000| Untracked 
| 100|0x000000008ca00000, 0x000000008cb00000, 0x000000008cb00000|100%| O|  |TAMS 0x000000008ca00000| PB 0x000000008ca00000| Untracked 
| 101|0x000000008cb00000, 0x000000008cc00000, 0x000000008cc00000|100%| O|  |TAMS 0x000000008cb00000| PB 0x000000008cb00000| Untracked 
| 102|0x000000008cc00000, 0x000000008cd00000, 0x000000008cd00000|100%| O|  |TAMS 0x000000008cc00000| PB 0x000000008cc00000| Untracked 
| 103|0x000000008cd00000, 0x000000008ce00000, 0x000000008ce00000|100%| O|  |TAMS 0x000000008cd00000| PB 0x000000008cd00000| Untracked 
| 104|0x000000008ce00000, 0x000000008cf00000, 0x000000008cf00000|100%| O|  |TAMS 0x000000008ce00000| PB 0x000000008ce00000| Untracked 
| 105|0x000000008cf00000, 0x000000008d000000, 0x000000008d000000|100%| O|  |TAMS 0x000000008cf00000| PB 0x000000008cf00000| Untracked 
| 106|0x000000008d000000, 0x000000008d100000, 0x000000008d100000|100%| O|  |TAMS 0x000000008d000000| PB 0x000000008d000000| Untracked 
| 107|0x000000008d100000, 0x000000008d200000, 0x000000008d200000|100%| O|  |TAMS 0x000000008d100000| PB 0x000000008d100000| Untracked 
| 108|0x000000008d200000, 0x000000008d300000, 0x000000008d300000|100%| O|  |TAMS 0x000000008d200000| PB 0x000000008d200000| Untracked 
| 109|0x000000008d300000, 0x000000008d400000, 0x000000008d400000|100%| O|  |TAMS 0x000000008d300000| PB 0x000000008d300000| Untracked 
| 110|0x000000008d400000, 0x000000008d500000, 0x000000008d500000|100%| O|  |TAMS 0x000000008d400000| PB 0x000000008d400000| Untracked 
| 111|0x000000008d500000, 0x000000008d600000, 0x000000008d600000|100%| O|  |TAMS 0x000000008d500000| PB 0x000000008d500000| Untracked 
| 112|0x000000008d600000, 0x000000008d700000, 0x000000008d700000|100%| O|  |TAMS 0x000000008d600000| PB 0x000000008d600000| Untracked 
| 113|0x000000008d700000, 0x000000008d800000, 0x000000008d800000|100%| O|  |TAMS 0x000000008d700000| PB 0x000000008d700000| Untracked 
| 114|0x000000008d800000, 0x000000008d900000, 0x000000008d900000|100%| O|  |TAMS 0x000000008d800000| PB 0x000000008d800000| Untracked 
| 115|0x000000008d900000, 0x000000008da00000, 0x000000008da00000|100%| O|  |TAMS 0x000000008d900000| PB 0x000000008d900000| Untracked 
| 116|0x000000008da00000, 0x000000008db00000, 0x000000008db00000|100%| O|  |TAMS 0x000000008da00000| PB 0x000000008da00000| Untracked 
| 117|0x000000008db00000, 0x000000008db00000, 0x000000008dc00000|  0%| F|  |TAMS 0x000000008db00000| PB 0x000000008db00000| Untracked 
| 118|0x000000008dc00000, 0x000000008dc00000, 0x000000008dd00000|  0%| F|  |TAMS 0x000000008dc00000| PB 0x000000008dc00000| Untracked 
| 119|0x000000008dd00000, 0x000000008dd00000, 0x000000008de00000|  0%| F|  |TAMS 0x000000008dd00000| PB 0x000000008dd00000| Untracked 
| 120|0x000000008de00000, 0x000000008de00000, 0x000000008df00000|  0%| F|  |TAMS 0x000000008de00000| PB 0x000000008de00000| Untracked 
| 121|0x000000008df00000, 0x000000008df00000, 0x000000008e000000|  0%| F|  |TAMS 0x000000008df00000| PB 0x000000008df00000| Untracked 
| 122|0x000000008e000000, 0x000000008e000000, 0x000000008e100000|  0%| F|  |TAMS 0x000000008e000000| PB 0x000000008e000000| Untracked 
| 123|0x000000008e100000, 0x000000008e100000, 0x000000008e200000|  0%| F|  |TAMS 0x000000008e100000| PB 0x000000008e100000| Untracked 
| 124|0x000000008e200000, 0x000000008e200000, 0x000000008e300000|  0%| F|  |TAMS 0x000000008e200000| PB 0x000000008e200000| Untracked 
| 125|0x000000008e300000, 0x000000008e300000, 0x000000008e400000|  0%| F|  |TAMS 0x000000008e300000| PB 0x000000008e300000| Untracked 
| 126|0x000000008e400000, 0x000000008e400000, 0x000000008e500000|  0%| F|  |TAMS 0x000000008e400000| PB 0x000000008e400000| Untracked 
| 127|0x000000008e500000, 0x000000008e500000, 0x000000008e600000|  0%| F|  |TAMS 0x000000008e500000| PB 0x000000008e500000| Untracked 
| 128|0x000000008e600000, 0x000000008e600000, 0x000000008e700000|  0%| F|  |TAMS 0x000000008e600000| PB 0x000000008e600000| Untracked 
| 129|0x000000008e700000, 0x000000008e700000, 0x000000008e800000|  0%| F|  |TAMS 0x000000008e700000| PB 0x000000008e700000| Untracked 
| 130|0x000000008e800000, 0x000000008e800000, 0x000000008e900000|  0%| F|  |TAMS 0x000000008e800000| PB 0x000000008e800000| Untracked 
| 131|0x000000008e900000, 0x000000008e900000, 0x000000008ea00000|  0%| F|  |TAMS 0x000000008e900000| PB 0x000000008e900000| Untracked 
| 132|0x000000008ea00000, 0x000000008ea00000, 0x000000008eb00000|  0%| F|  |TAMS 0x000000008ea00000| PB 0x000000008ea00000| Untracked 
| 133|0x000000008eb00000, 0x000000008eb00000, 0x000000008ec00000|  0%| F|  |TAMS 0x000000008eb00000| PB 0x000000008eb00000| Untracked 
| 134|0x000000008ec00000, 0x000000008ec00000, 0x000000008ed00000|  0%| F|  |TAMS 0x000000008ec00000| PB 0x000000008ec00000| Untracked 
| 135|0x000000008ed00000, 0x000000008ed00000, 0x000000008ee00000|  0%| F|  |TAMS 0x000000008ed00000| PB 0x000000008ed00000| Untracked 
| 136|0x000000008ee00000, 0x000000008ee00000, 0x000000008ef00000|  0%| F|  |TAMS 0x000000008ee00000| PB 0x000000008ee00000| Untracked 
| 137|0x000000008ef00000, 0x000000008ef00000, 0x000000008f000000|  0%| F|  |TAMS 0x000000008ef00000| PB 0x000000008ef00000| Untracked 
| 138|0x000000008f000000, 0x000000008f000000, 0x000000008f100000|  0%| F|  |TAMS 0x000000008f000000| PB 0x000000008f000000| Untracked 
| 139|0x000000008f100000, 0x000000008f100000, 0x000000008f200000|  0%| F|  |TAMS 0x000000008f100000| PB 0x000000008f100000| Untracked 
| 140|0x000000008f200000, 0x000000008f200000, 0x000000008f300000|  0%| F|  |TAMS 0x000000008f200000| PB 0x000000008f200000| Untracked 
| 141|0x000000008f300000, 0x000000008f300000, 0x000000008f400000|  0%| F|  |TAMS 0x000000008f300000| PB 0x000000008f300000| Untracked 
| 142|0x000000008f400000, 0x000000008f400000, 0x000000008f500000|  0%| F|  |TAMS 0x000000008f400000| PB 0x000000008f400000| Untracked 
| 143|0x000000008f500000, 0x000000008f589400, 0x000000008f600000| 53%| S|CS|TAMS 0x000000008f500000| PB 0x000000008f500000| Complete 
| 144|0x000000008f600000, 0x000000008f700000, 0x000000008f700000|100%| S|CS|TAMS 0x000000008f600000| PB 0x000000008f600000| Complete 
| 145|0x000000008f700000, 0x000000008f800000, 0x000000008f800000|100%| S|CS|TAMS 0x000000008f700000| PB 0x000000008f700000| Complete 
| 146|0x000000008f800000, 0x000000008f900000, 0x000000008f900000|100%| S|CS|TAMS 0x000000008f800000| PB 0x000000008f800000| Complete 
| 147|0x000000008f900000, 0x000000008fa00000, 0x000000008fa00000|100%| S|CS|TAMS 0x000000008f900000| PB 0x000000008f900000| Complete 
| 148|0x000000008fa00000, 0x000000008fb00000, 0x000000008fb00000|100%| S|CS|TAMS 0x000000008fa00000| PB 0x000000008fa00000| Complete 
| 149|0x000000008fb00000, 0x000000008fc00000, 0x000000008fc00000|100%| S|CS|TAMS 0x000000008fb00000| PB 0x000000008fb00000| Complete 
| 150|0x000000008fc00000, 0x000000008fd00000, 0x000000008fd00000|100%| S|CS|TAMS 0x000000008fc00000| PB 0x000000008fc00000| Complete 
| 151|0x000000008fd00000, 0x000000008fd00000, 0x000000008fe00000|  0%| F|  |TAMS 0x000000008fd00000| PB 0x000000008fd00000| Untracked 
| 152|0x000000008fe00000, 0x000000008fe00000, 0x000000008ff00000|  0%| F|  |TAMS 0x000000008fe00000| PB 0x000000008fe00000| Untracked 
| 153|0x000000008ff00000, 0x000000008ff00000, 0x0000000090000000|  0%| F|  |TAMS 0x000000008ff00000| PB 0x000000008ff00000| Untracked 
| 154|0x0000000090000000, 0x0000000090000000, 0x0000000090100000|  0%| F|  |TAMS 0x0000000090000000| PB 0x0000000090000000| Untracked 
| 155|0x0000000090100000, 0x0000000090100000, 0x0000000090200000|  0%| F|  |TAMS 0x0000000090100000| PB 0x0000000090100000| Untracked 
| 156|0x0000000090200000, 0x0000000090200000, 0x0000000090300000|  0%| F|  |TAMS 0x0000000090200000| PB 0x0000000090200000| Untracked 
| 157|0x0000000090300000, 0x0000000090300000, 0x0000000090400000|  0%| F|  |TAMS 0x0000000090300000| PB 0x0000000090300000| Untracked 
| 158|0x0000000090400000, 0x0000000090400000, 0x0000000090500000|  0%| F|  |TAMS 0x0000000090400000| PB 0x0000000090400000| Untracked 
| 159|0x0000000090500000, 0x0000000090500000, 0x0000000090600000|  0%| F|  |TAMS 0x0000000090500000| PB 0x0000000090500000| Untracked 
| 160|0x0000000090600000, 0x0000000090600000, 0x0000000090700000|  0%| F|  |TAMS 0x0000000090600000| PB 0x0000000090600000| Untracked 
| 161|0x0000000090700000, 0x0000000090700000, 0x0000000090800000|  0%| F|  |TAMS 0x0000000090700000| PB 0x0000000090700000| Untracked 
| 162|0x0000000090800000, 0x0000000090800000, 0x0000000090900000|  0%| F|  |TAMS 0x0000000090800000| PB 0x0000000090800000| Untracked 
| 163|0x0000000090900000, 0x0000000090900000, 0x0000000090a00000|  0%| F|  |TAMS 0x0000000090900000| PB 0x0000000090900000| Untracked 
| 164|0x0000000090a00000, 0x0000000090a00000, 0x0000000090b00000|  0%| F|  |TAMS 0x0000000090a00000| PB 0x0000000090a00000| Untracked 
| 165|0x0000000090b00000, 0x0000000090b00000, 0x0000000090c00000|  0%| F|  |TAMS 0x0000000090b00000| PB 0x0000000090b00000| Untracked 
| 166|0x0000000090c00000, 0x0000000090c00000, 0x0000000090d00000|  0%| F|  |TAMS 0x0000000090c00000| PB 0x0000000090c00000| Untracked 
| 167|0x0000000090d00000, 0x0000000090d00000, 0x0000000090e00000|  0%| F|  |TAMS 0x0000000090d00000| PB 0x0000000090d00000| Untracked 
| 168|0x0000000090e00000, 0x0000000090e00000, 0x0000000090f00000|  0%| F|  |TAMS 0x0000000090e00000| PB 0x0000000090e00000| Untracked 
| 169|0x0000000090f00000, 0x0000000090f00000, 0x0000000091000000|  0%| F|  |TAMS 0x0000000090f00000| PB 0x0000000090f00000| Untracked 
| 170|0x0000000091000000, 0x0000000091000000, 0x0000000091100000|  0%| F|  |TAMS 0x0000000091000000| PB 0x0000000091000000| Untracked 
| 171|0x0000000091100000, 0x0000000091100000, 0x0000000091200000|  0%| F|  |TAMS 0x0000000091100000| PB 0x0000000091100000| Untracked 
| 172|0x0000000091200000, 0x0000000091200000, 0x0000000091300000|  0%| F|  |TAMS 0x0000000091200000| PB 0x0000000091200000| Untracked 
| 173|0x0000000091300000, 0x0000000091300000, 0x0000000091400000|  0%| F|  |TAMS 0x0000000091300000| PB 0x0000000091300000| Untracked 
| 174|0x0000000091400000, 0x0000000091400000, 0x0000000091500000|  0%| F|  |TAMS 0x0000000091400000| PB 0x0000000091400000| Untracked 
| 175|0x0000000091500000, 0x0000000091500000, 0x0000000091600000|  0%| F|  |TAMS 0x0000000091500000| PB 0x0000000091500000| Untracked 
| 176|0x0000000091600000, 0x0000000091600000, 0x0000000091700000|  0%| F|  |TAMS 0x0000000091600000| PB 0x0000000091600000| Untracked 
| 177|0x0000000091700000, 0x0000000091700000, 0x0000000091800000|  0%| F|  |TAMS 0x0000000091700000| PB 0x0000000091700000| Untracked 
| 178|0x0000000091800000, 0x0000000091800000, 0x0000000091900000|  0%| F|  |TAMS 0x0000000091800000| PB 0x0000000091800000| Untracked 
| 179|0x0000000091900000, 0x0000000091900000, 0x0000000091a00000|  0%| F|  |TAMS 0x0000000091900000| PB 0x0000000091900000| Untracked 
| 180|0x0000000091a00000, 0x0000000091a00000, 0x0000000091b00000|  0%| F|  |TAMS 0x0000000091a00000| PB 0x0000000091a00000| Untracked 
| 181|0x0000000091b00000, 0x0000000091b00000, 0x0000000091c00000|  0%| F|  |TAMS 0x0000000091b00000| PB 0x0000000091b00000| Untracked 
| 182|0x0000000091c00000, 0x0000000091c00000, 0x0000000091d00000|  0%| F|  |TAMS 0x0000000091c00000| PB 0x0000000091c00000| Untracked 
| 183|0x0000000091d00000, 0x0000000091d00000, 0x0000000091e00000|  0%| F|  |TAMS 0x0000000091d00000| PB 0x0000000091d00000| Untracked 
| 184|0x0000000091e00000, 0x0000000091e00000, 0x0000000091f00000|  0%| F|  |TAMS 0x0000000091e00000| PB 0x0000000091e00000| Untracked 
| 185|0x0000000091f00000, 0x0000000091f00000, 0x0000000092000000|  0%| F|  |TAMS 0x0000000091f00000| PB 0x0000000091f00000| Untracked 
| 186|0x0000000092000000, 0x0000000092000000, 0x0000000092100000|  0%| F|  |TAMS 0x0000000092000000| PB 0x0000000092000000| Untracked 
| 187|0x0000000092100000, 0x0000000092100000, 0x0000000092200000|  0%| F|  |TAMS 0x0000000092100000| PB 0x0000000092100000| Untracked 
| 188|0x0000000092200000, 0x0000000092200000, 0x0000000092300000|  0%| F|  |TAMS 0x0000000092200000| PB 0x0000000092200000| Untracked 
| 189|0x0000000092300000, 0x0000000092300000, 0x0000000092400000|  0%| F|  |TAMS 0x0000000092300000| PB 0x0000000092300000| Untracked 
| 190|0x0000000092400000, 0x0000000092400000, 0x0000000092500000|  0%| F|  |TAMS 0x0000000092400000| PB 0x0000000092400000| Untracked 
| 191|0x0000000092500000, 0x0000000092500000, 0x0000000092600000|  0%| F|  |TAMS 0x0000000092500000| PB 0x0000000092500000| Untracked 
| 192|0x0000000092600000, 0x0000000092600000, 0x0000000092700000|  0%| F|  |TAMS 0x0000000092600000| PB 0x0000000092600000| Untracked 
| 193|0x0000000092700000, 0x0000000092700000, 0x0000000092800000|  0%| F|  |TAMS 0x0000000092700000| PB 0x0000000092700000| Untracked 
| 194|0x0000000092800000, 0x0000000092800000, 0x0000000092900000|  0%| F|  |TAMS 0x0000000092800000| PB 0x0000000092800000| Untracked 
| 195|0x0000000092900000, 0x0000000092900000, 0x0000000092a00000|  0%| F|  |TAMS 0x0000000092900000| PB 0x0000000092900000| Untracked 
| 196|0x0000000092a00000, 0x0000000092a00000, 0x0000000092b00000|  0%| F|  |TAMS 0x0000000092a00000| PB 0x0000000092a00000| Untracked 
| 197|0x0000000092b00000, 0x0000000092b00000, 0x0000000092c00000|  0%| F|  |TAMS 0x0000000092b00000| PB 0x0000000092b00000| Untracked 
| 198|0x0000000092c00000, 0x0000000092c00000, 0x0000000092d00000|  0%| F|  |TAMS 0x0000000092c00000| PB 0x0000000092c00000| Untracked 
| 199|0x0000000092d00000, 0x0000000092d00000, 0x0000000092e00000|  0%| F|  |TAMS 0x0000000092d00000| PB 0x0000000092d00000| Untracked 
| 200|0x0000000092e00000, 0x0000000092e00000, 0x0000000092f00000|  0%| F|  |TAMS 0x0000000092e00000| PB 0x0000000092e00000| Untracked 
| 201|0x0000000092f00000, 0x0000000092f00000, 0x0000000093000000|  0%| F|  |TAMS 0x0000000092f00000| PB 0x0000000092f00000| Untracked 
| 202|0x0000000093000000, 0x0000000093000000, 0x0000000093100000|  0%| F|  |TAMS 0x0000000093000000| PB 0x0000000093000000| Untracked 
| 203|0x0000000093100000, 0x0000000093100000, 0x0000000093200000|  0%| F|  |TAMS 0x0000000093100000| PB 0x0000000093100000| Untracked 
| 204|0x0000000093200000, 0x0000000093200000, 0x0000000093300000|  0%| F|  |TAMS 0x0000000093200000| PB 0x0000000093200000| Untracked 
| 205|0x0000000093300000, 0x0000000093300000, 0x0000000093400000|  0%| F|  |TAMS 0x0000000093300000| PB 0x0000000093300000| Untracked 
| 206|0x0000000093400000, 0x0000000093400000, 0x0000000093500000|  0%| F|  |TAMS 0x0000000093400000| PB 0x0000000093400000| Untracked 
| 207|0x0000000093500000, 0x0000000093500000, 0x0000000093600000|  0%| F|  |TAMS 0x0000000093500000| PB 0x0000000093500000| Untracked 
| 208|0x0000000093600000, 0x0000000093600000, 0x0000000093700000|  0%| F|  |TAMS 0x0000000093600000| PB 0x0000000093600000| Untracked 
| 209|0x0000000093700000, 0x0000000093700000, 0x0000000093800000|  0%| F|  |TAMS 0x0000000093700000| PB 0x0000000093700000| Untracked 
| 210|0x0000000093800000, 0x0000000093800000, 0x0000000093900000|  0%| F|  |TAMS 0x0000000093800000| PB 0x0000000093800000| Untracked 
| 211|0x0000000093900000, 0x0000000093900000, 0x0000000093a00000|  0%| F|  |TAMS 0x0000000093900000| PB 0x0000000093900000| Untracked 
| 212|0x0000000093a00000, 0x0000000093a00000, 0x0000000093b00000|  0%| F|  |TAMS 0x0000000093a00000| PB 0x0000000093a00000| Untracked 
| 213|0x0000000093b00000, 0x0000000093b00000, 0x0000000093c00000|  0%| F|  |TAMS 0x0000000093b00000| PB 0x0000000093b00000| Untracked 
| 214|0x0000000093c00000, 0x0000000093c00000, 0x0000000093d00000|  0%| F|  |TAMS 0x0000000093c00000| PB 0x0000000093c00000| Untracked 
| 215|0x0000000093d00000, 0x0000000093d00000, 0x0000000093e00000|  0%| F|  |TAMS 0x0000000093d00000| PB 0x0000000093d00000| Untracked 
| 216|0x0000000093e00000, 0x0000000093e00000, 0x0000000093f00000|  0%| F|  |TAMS 0x0000000093e00000| PB 0x0000000093e00000| Untracked 
| 217|0x0000000093f00000, 0x0000000093f00000, 0x0000000094000000|  0%| F|  |TAMS 0x0000000093f00000| PB 0x0000000093f00000| Untracked 
| 218|0x0000000094000000, 0x0000000094000000, 0x0000000094100000|  0%| F|  |TAMS 0x0000000094000000| PB 0x0000000094000000| Untracked 
| 219|0x0000000094100000, 0x0000000094100000, 0x0000000094200000|  0%| F|  |TAMS 0x0000000094100000| PB 0x0000000094100000| Untracked 
|1942|0x00000000ffc00000, 0x00000000ffd00000, 0x00000000ffd00000|100%| O|  |TAMS 0x00000000ffc00000| PB 0x00000000ffc00000| Untracked 
|1943|0x00000000ffd00000, 0x00000000ffd00000, 0x00000000ffe00000|  0%| F|  |TAMS 0x00000000ffd00000| PB 0x00000000ffd00000| Untracked 
|1944|0x00000000ffe00000, 0x00000000ffe00000, 0x00000000fff00000|  0%| F|  |TAMS 0x00000000ffe00000| PB 0x00000000ffe00000| Untracked 
|1945|0x00000000fff00000, 0x00000000fff00000, 0x0000000100000000|  0%| F|  |TAMS 0x00000000fff00000| PB 0x00000000fff00000| Untracked 

Card table byte_map: [0x00000290437d0000,0x0000029043ba0000] _byte_map_base: 0x000002904339d000

Marking Bits: (CMBitMap*) 0x0000029037edb2b0
 Bits: [0x0000029043ba0000, 0x0000029045a08000)

Polling page: 0x0000029035de0000

Metaspace:

Usage:
  Non-class:     54.44 MB used.
      Class:      9.52 MB used.
       Both:     63.96 MB used.

Virtual space:
  Non-class space:       64.00 MB reserved,      54.81 MB ( 86%) committed,  1 nodes.
      Class space:        1.00 GB reserved,       9.81 MB ( <1%) committed,  1 nodes.
             Both:        1.06 GB reserved,      64.62 MB (  6%) committed. 

Chunk freelists:
   Non-Class:  9.08 MB
       Class:  6.09 MB
        Both:  15.17 MB

MaxMetaspaceSize: unlimited
CompressedClassSpaceSize: 1.00 GB
Initial GC threshold: 21.00 MB
Current GC threshold: 107.62 MB
CDS: on
 - commit_granule_bytes: 65536.
 - commit_granule_words: 8192.
 - virtual_space_node_default_size: 8388608.
 - enlarge_chunks_in_place: 1.
 - use_allocation_guard: 0.


Internal statistics:

num_allocs_failed_limit: 6.
num_arena_births: 900.
num_arena_deaths: 0.
num_vsnodes_births: 2.
num_vsnodes_deaths: 0.
num_space_committed: 1034.
num_space_uncommitted: 0.
num_chunks_returned_to_freelist: 6.
num_chunks_taken_from_freelist: 3349.
num_chunk_merges: 6.
num_chunk_splits: 2436.
num_chunks_enlarged: 1909.
num_inconsistent_stats: 0.

CodeCache: size=49152Kb used=12161Kb max_used=12161Kb free=36990Kb
 bounds [0x00000290402f0000, 0x0000029040ee0000, 0x00000290432f0000]
 total_blobs=6909 nmethods=6219 adapters=610
 compilation: enabled
              stopped_count=0, restarted_count=0
 full_count=0

Compilation events (20 events):
Event: 17.670 Thread 0x00000290486365f0 6312       1       org.springframework.data.repository.core.support.MethodLookup$InvokedMethod::<init> (10 bytes)
Event: 17.670 Thread 0x00000290484d5060 nmethod 6316 0x0000029040ecd010 code [0x0000029040ecd220, 0x0000029040ecd570]
Event: 17.670 Thread 0x00000290484d5060 6313       1       org.springframework.data.repository.core.support.RepositoryComposition$$Lambda/0x000002904a89ec08::<init> (10 bytes)
Event: 17.670 Thread 0x00000290486365f0 nmethod 6312 0x0000029040ecd790 code [0x0000029040ecd920, 0x0000029040ecda30]
Event: 17.670 Thread 0x0000029048637390 nmethod 6311 0x0000029040ecda90 code [0x0000029040ecdc20, 0x0000029040ecdd70]
Event: 17.670 Thread 0x00000290484d5060 nmethod 6313 0x0000029040ecde10 code [0x0000029040ecdfa0, 0x0000029040ece0b0]
Event: 17.670 Thread 0x0000029048637390 6317       1       org.springframework.data.repository.core.support.DefaultRepositoryInformation::isCustomMethod (17 bytes)
Event: 17.671 Thread 0x0000029048637390 nmethod 6317 0x0000029040ece110 code [0x0000029040ece2e0, 0x0000029040ece508]
Event: 17.673 Thread 0x00000290486365f0 6318       1       java.util.regex.Pattern::curly (66 bytes)
Event: 17.673 Thread 0x00000290486365f0 nmethod 6318 0x0000029040ece690 code [0x0000029040ece880, 0x0000029040ecef10]
Event: 17.673 Thread 0x00000290486365f0 6319       1       org.hibernate.query.sqm.tree.domain.SqmBasicValuedSimplePath::getReferencedPathSource (5 bytes)
Event: 17.674 Thread 0x00000290486365f0 nmethod 6319 0x0000029040ecf090 code [0x0000029040ecf240, 0x0000029040ecf458]
Event: 17.674 Thread 0x00000290484d5060 6320       1       java.util.regex.Pattern$BranchConn::match (11 bytes)
Event: 17.674 Thread 0x00000290484d5060 nmethod 6320 0x0000029040ecf590 code [0x0000029040ecf740, 0x0000029040ecf838]
Event: 17.675 Thread 0x00000290486365f0 6321       1       org.antlr.v4.runtime.dfa.DFAState::equals (35 bytes)
Event: 17.675 Thread 0x0000029048637390 6322       1       org.antlr.v4.runtime.atn.ATNConfigSet::equals (105 bytes)
Event: 17.675 Thread 0x00000290486365f0 nmethod 6321 0x0000029040ecf910 code [0x0000029040ecfac0, 0x0000029040ecfca8]
Event: 17.675 Thread 0x0000029048637390 nmethod 6322 0x0000029040ecfd90 code [0x0000029040ecff40, 0x0000029040ed01b0]
Event: 17.792 Thread 0x00000290486365f0 6323       1       org.antlr.v4.runtime.atn.ATNConfig::<init> (11 bytes)
Event: 17.793 Thread 0x00000290486365f0 nmethod 6323 0x0000029040ed0290 code [0x0000029040ed0440, 0x0000029040ed0630]

GC Heap History (20 events):
Event: 15.801 GC heap after
{Heap after GC invocations=20 (full 0):
 garbage-first heap   total 79872K, used 51325K [0x0000000086600000, 0x0000000100000000)
  region size 1024K, 4 young (4096K), 4 survivors (4096K)
 Metaspace       used 65238K, committed 65920K, reserved 1114112K
  class space    used 9700K, committed 9984K, reserved 1048576K
}
Event: 15.808 GC heap before
{Heap before GC invocations=20 (full 0):
 garbage-first heap   total 79872K, used 52349K [0x0000000086600000, 0x0000000100000000)
  region size 1024K, 6 young (6144K), 4 survivors (4096K)
 Metaspace       used 65238K, committed 65920K, reserved 1114112K
  class space    used 9700K, committed 9984K, reserved 1048576K
}
Event: 15.815 GC heap after
{Heap after GC invocations=21 (full 0):
 garbage-first heap   total 79872K, used 53261K [0x0000000086600000, 0x0000000100000000)
  region size 1024K, 2 young (2048K), 2 survivors (2048K)
 Metaspace       used 65238K, committed 65920K, reserved 1114112K
  class space    used 9700K, committed 9984K, reserved 1048576K
}
Event: 15.891 GC heap before
{Heap before GC invocations=21 (full 0):
 garbage-first heap   total 114688K, used 67597K [0x0000000086600000, 0x0000000100000000)
  region size 1024K, 15 young (15360K), 2 survivors (2048K)
 Metaspace       used 65238K, committed 65920K, reserved 1114112K
  class space    used 9700K, committed 9984K, reserved 1048576K
}
Event: 15.899 GC heap after
{Heap after GC invocations=22 (full 0):
 garbage-first heap   total 114688K, used 59424K [0x0000000086600000, 0x0000000100000000)
  region size 1024K, 2 young (2048K), 2 survivors (2048K)
 Metaspace       used 65238K, committed 65920K, reserved 1114112K
  class space    used 9700K, committed 9984K, reserved 1048576K
}
Event: 16.143 GC heap before
{Heap before GC invocations=23 (full 0):
 garbage-first heap   total 114688K, used 89120K [0x0000000086600000, 0x0000000100000000)
  region size 1024K, 31 young (31744K), 2 survivors (2048K)
 Metaspace       used 65238K, committed 65920K, reserved 1114112K
  class space    used 9700K, committed 9984K, reserved 1048576K
}
Event: 16.152 GC heap after
{Heap after GC invocations=24 (full 0):
 garbage-first heap   total 114688K, used 63798K [0x0000000086600000, 0x0000000100000000)
  region size 1024K, 4 young (4096K), 4 survivors (4096K)
 Metaspace       used 65238K, committed 65920K, reserved 1114112K
  class space    used 9700K, committed 9984K, reserved 1048576K
}
Event: 16.308 GC heap before
{Heap before GC invocations=24 (full 0):
 garbage-first heap   total 114688K, used 92470K [0x0000000086600000, 0x0000000100000000)
  region size 1024K, 32 young (32768K), 4 survivors (4096K)
 Metaspace       used 65238K, committed 65920K, reserved 1114112K
  class space    used 9700K, committed 9984K, reserved 1048576K
}
Event: 16.321 GC heap after
{Heap after GC invocations=25 (full 0):
 garbage-first heap   total 200704K, used 73461K [0x0000000086600000, 0x0000000100000000)
  region size 1024K, 4 young (4096K), 4 survivors (4096K)
 Metaspace       used 65238K, committed 65920K, reserved 1114112K
  class space    used 9700K, committed 9984K, reserved 1048576K
}
Event: 16.526 GC heap before
{Heap before GC invocations=25 (full 0):
 garbage-first heap   total 200704K, used 112373K [0x0000000086600000, 0x0000000100000000)
  region size 1024K, 43 young (44032K), 4 survivors (4096K)
 Metaspace       used 65238K, committed 65920K, reserved 1114112K
  class space    used 9700K, committed 9984K, reserved 1048576K
}
Event: 16.549 GC heap after
{Heap after GC invocations=26 (full 0):
 garbage-first heap   total 200704K, used 91086K [0x0000000086600000, 0x0000000100000000)
  region size 1024K, 10 young (10240K), 10 survivors (10240K)
 Metaspace       used 65238K, committed 65920K, reserved 1114112K
  class space    used 9700K, committed 9984K, reserved 1048576K
}
Event: 16.850 GC heap before
{Heap before GC invocations=27 (full 0):
 garbage-first heap   total 200704K, used 145358K [0x0000000086600000, 0x0000000100000000)
  region size 1024K, 68 young (69632K), 10 survivors (10240K)
 Metaspace       used 65238K, committed 65920K, reserved 1114112K
  class space    used 9700K, committed 9984K, reserved 1048576K
}
Event: 16.881 GC heap after
{Heap after GC invocations=28 (full 0):
 garbage-first heap   total 200704K, used 109549K [0x0000000086600000, 0x0000000100000000)
  region size 1024K, 9 young (9216K), 9 survivors (9216K)
 Metaspace       used 65238K, committed 65920K, reserved 1114112K
  class space    used 9700K, committed 9984K, reserved 1048576K
}
Event: 17.049 GC heap before
{Heap before GC invocations=28 (full 0):
 garbage-first heap   total 200704K, used 157677K [0x0000000086600000, 0x0000000100000000)
  region size 1024K, 56 young (57344K), 9 survivors (9216K)
 Metaspace       used 65239K, committed 65920K, reserved 1114112K
  class space    used 9700K, committed 9984K, reserved 1048576K
}
Event: 17.075 GC heap after
{Heap after GC invocations=29 (full 0):
 garbage-first heap   total 200704K, used 115193K [0x0000000086600000, 0x0000000100000000)
  region size 1024K, 7 young (7168K), 7 survivors (7168K)
 Metaspace       used 65239K, committed 65920K, reserved 1114112K
  class space    used 9700K, committed 9984K, reserved 1048576K
}
Event: 17.275 GC heap before
{Heap before GC invocations=29 (full 0):
 garbage-first heap   total 200704K, used 159225K [0x0000000086600000, 0x0000000100000000)
  region size 1024K, 50 young (51200K), 7 survivors (7168K)
 Metaspace       used 65357K, committed 66048K, reserved 1114112K
  class space    used 9729K, committed 10048K, reserved 1048576K
}
Event: 17.286 GC heap after
{Heap after GC invocations=30 (full 0):
 garbage-first heap   total 200704K, used 117891K [0x0000000086600000, 0x0000000100000000)
  region size 1024K, 3 young (3072K), 3 survivors (3072K)
 Metaspace       used 65357K, committed 66048K, reserved 1114112K
  class space    used 9729K, committed 10048K, reserved 1048576K
}
Event: 17.511 GC heap before
{Heap before GC invocations=31 (full 0):
 garbage-first heap   total 229376K, used 157827K [0x0000000086600000, 0x0000000100000000)
  region size 1024K, 48 young (49152K), 3 survivors (3072K)
 Metaspace       used 65392K, committed 66112K, reserved 1114112K
  class space    used 9736K, committed 10048K, reserved 1048576K
}
Event: 17.517 GC heap after
{Heap after GC invocations=32 (full 0):
 garbage-first heap   total 229376K, used 112578K [0x0000000086600000, 0x0000000100000000)
  region size 1024K, 3 young (3072K), 3 survivors (3072K)
 Metaspace       used 65392K, committed 66112K, reserved 1114112K
  class space    used 9736K, committed 10048K, reserved 1048576K
}
Event: 17.874 GC heap before
{Heap before GC invocations=32 (full 0):
 garbage-first heap   total 229376K, used 183234K [0x0000000086600000, 0x0000000100000000)
  region size 1024K, 72 young (73728K), 3 survivors (3072K)
 Metaspace       used 65498K, committed 66176K, reserved 1114112K
  class space    used 9753K, committed 10048K, reserved 1048576K
}

Dll operation events (10 events):
Event: 0.017 Loaded shared library C:\Program Files\Java\jdk-21\bin\java.dll
Event: 0.168 Loaded shared library C:\Program Files\Java\jdk-21\bin\net.dll
Event: 0.171 Loaded shared library C:\Program Files\Java\jdk-21\bin\nio.dll
Event: 0.177 Loaded shared library C:\Program Files\Java\jdk-21\bin\zip.dll
Event: 0.394 Loaded shared library C:\Program Files\Java\jdk-21\bin\jimage.dll
Event: 0.816 Loaded shared library C:\Program Files\Java\jdk-21\bin\management.dll
Event: 0.826 Loaded shared library C:\Program Files\Java\jdk-21\bin\management_ext.dll
Event: 2.748 Loaded shared library C:\Program Files\Java\jdk-21\bin\sunmscapi.dll
Event: 7.039 Loaded shared library C:\Program Files\Java\jdk-21\bin\verify.dll
Event: 7.773 Loaded shared library C:\Program Files\Java\jdk-21\bin\extnet.dll

Deoptimization events (2 events):
Event: 11.158 Thread 0x000002908e56f410 DEOPT PACKING pc=0x000002904067e7dc sp=0x000000c4028f8cd0
Event: 11.158 Thread 0x000002908e56f410 DEOPT UNPACKING pc=0x00000290403488e2 sp=0x000000c4028f8168 mode 0

Classes loaded (20 events):
Event: 13.714 Loading class java/util/regex/Pattern$SliceI
Event: 13.714 Loading class java/util/regex/Pattern$SliceI done
Event: 13.715 Loading class java/util/regex/Pattern$LookBehindEndNode
Event: 13.715 Loading class java/util/regex/Pattern$LookBehindEndNode done
Event: 13.715 Loading class java/util/regex/Pattern$NotBehind
Event: 13.715 Loading class java/util/regex/Pattern$NotBehind done
Event: 13.715 Loading class java/util/regex/Pattern$Neg
Event: 13.715 Loading class java/util/regex/Pattern$Neg done
Event: 13.715 Loading class java/util/regex/Pattern$Behind
Event: 13.715 Loading class java/util/regex/Pattern$Behind done
Event: 13.830 Loading class java/util/EmptyStackException
Event: 13.830 Loading class java/util/EmptyStackException done
Event: 14.066 Loading class java/io/InvalidClassException
Event: 14.066 Loading class java/io/InvalidClassException done
Event: 15.121 Loading class java/util/stream/SortedOps$SizedRefSortingSink
Event: 15.121 Loading class java/util/stream/SortedOps$SizedRefSortingSink done
Event: 15.168 Loading class java/nio/channels/CompletionHandler
Event: 15.168 Loading class java/nio/channels/CompletionHandler done
Event: 17.196 Loading class java/lang/invoke/MethodHandleImpl$CountingWrapper$1
Event: 17.196 Loading class java/lang/invoke/MethodHandleImpl$CountingWrapper$1 done

Classes unloaded (0 events):
No events

Classes redefined (0 events):
No events

Internal exceptions (20 events):
Event: 11.492 Thread 0x000002908e56f410 Exception <a 'java/lang/NoSuchMethodError'{0x000000008dfa8ec0}: 'java.lang.Object java.lang.invoke.Invokers$Holder.linkToTargetMethod(java.lang.Object, int, java.lang.Object, java.lang.Object)'> (0x000000008dfa8ec0) 
thrown [s\open\src\hotspot\share\interpreter\linkResolver.cpp, line 773]
Event: 11.558 Thread 0x000002908e56f410 Exception <a 'java/lang/NoSuchMethodError'{0x000000008ad7ef48}: 'void java.lang.invoke.DirectMethodHandle$Holder.invokeSpecial(java.lang.Object, java.lang.Object, java.lang.Object, java.lang.Object, java.lang.Object, java.lang.Object, java.lang.Object, java.lang.Object)'> (0x000000008ad7ef48) 
thrown [s\open\src\hotspot\share\interpreter\linkResolver.cpp, line 773]
Event: 11.574 Thread 0x000002908e56f410 Exception <a 'java/lang/NoSuchMethodError'{0x000000008adba6e0}: 'void java.lang.invoke.DirectMethodHandle$Holder.invokeSpecial(java.lang.Object, java.lang.Object, int, java.lang.Object)'> (0x000000008adba6e0) 
thrown [s\open\src\hotspot\share\interpreter\linkResolver.cpp, line 773]
Event: 11.575 Thread 0x000002908e56f410 Exception <a 'java/lang/NoSuchMethodError'{0x000000008adc1218}: 'java.lang.Object java.lang.invoke.DirectMethodHandle$Holder.newInvokeSpecial(java.lang.Object, java.lang.Object, int)'> (0x000000008adc1218) 
thrown [s\open\src\hotspot\share\interpreter\linkResolver.cpp, line 773]
Event: 11.664 Thread 0x000002908e56f410 Exception <a 'java/lang/NoSuchMethodError'{0x000000008ab1ee30}: 'int java.lang.invoke.DirectMethodHandle$Holder.invokeStatic(java.lang.Object, int, java.lang.Object)'> (0x000000008ab1ee30) 
thrown [s\open\src\hotspot\share\interpreter\linkResolver.cpp, line 773]
Event: 11.667 Thread 0x000002908e56f410 Exception <a 'java/lang/NoSuchMethodError'{0x000000008ab3dbe8}: 'java.lang.Object java.lang.invoke.DirectMethodHandle$Holder.newInvokeSpecial(java.lang.Object, java.lang.Object, java.lang.Object, java.lang.Object, java.lang.Object, int, java.lang.Object)'> (0x000000008ab3dbe8) 
thrown [s\open\src\hotspot\share\interpreter\linkResolver.cpp, line 773]
Event: 11.674 Thread 0x000002908e56f410 Exception <a 'java/lang/NoSuchMethodError'{0x000000008ab71e80}: 'java.lang.Object java.lang.invoke.Invokers$Holder.linkToTargetMethod(java.lang.Object, java.lang.Object, java.lang.Object, java.lang.Object, java.lang.Object, java.lang.Object, java.lang.Object, java.lang.Object, java.lang.Object, java.lang.Object, java.lang.Object, java.lang.Object)'> (0x000000008ab71e80) 
thrown [s\open\src\hotspot\share\interpreter\linkResolver.cpp, line 773]
Event: 11.759 Thread 0x000002908e56f410 Exception <a 'java/lang/IncompatibleClassChangeError'{0x000000008a911e20}: Found class java.lang.Object, but interface was expected> (0x000000008a911e20) 
thrown [s\open\src\hotspot\share\interpreter\linkResolver.cpp, line 840]
Event: 11.791 Thread 0x000002908e56f410 Exception <a 'java/lang/NoSuchMethodError'{0x000000008a98c440}: 'java.lang.Object java.lang.invoke.DirectMethodHandle$Holder.newInvokeSpecial(java.lang.Object, java.lang.Object, java.lang.Object, java.lang.Object, java.lang.Object, java.lang.Object, java.lang.Object, int)'> (0x000000008a98c440) 
thrown [s\open\src\hotspot\share\interpreter\linkResolver.cpp, line 773]
Event: 11.791 Thread 0x000002908e56f410 Exception <a 'java/lang/NoSuchMethodError'{0x000000008a9911b0}: 'java.lang.Object java.lang.invoke.DirectMethodHandle$Holder.invokeSpecial(java.lang.Object, java.lang.Object, java.lang.Object, java.lang.Object, java.lang.Object, java.lang.Object, java.lang.Object, java.lang.Object, int)'> (0x000000008a9911b0) 
thrown [s\open\src\hotspot\share\interpreter\linkResolver.cpp, line 773]
Event: 11.792 Thread 0x000002908e56f410 Exception <a 'java/lang/NoSuchMethodError'{0x000000008a9959d8}: 'java.lang.Object java.lang.invoke.Invokers$Holder.linkToTargetMethod(java.lang.Object, java.lang.Object, java.lang.Object, java.lang.Object, java.lang.Object, java.lang.Object, int, java.lang.Object)'> (0x000000008a9959d8) 
thrown [s\open\src\hotspot\share\interpreter\linkResolver.cpp, line 773]
Event: 11.846 Thread 0x000002908e56f410 Exception <a 'java/lang/NoSuchMethodError'{0x000000008a8821d8}: 'java.lang.Object java.lang.invoke.DirectMethodHandle$Holder.newInvokeSpecial(java.lang.Object, java.lang.Object, int, java.lang.Object, int, java.lang.Object, java.lang.Object)'> (0x000000008a8821d8) 
thrown [s\open\src\hotspot\share\interpreter\linkResolver.cpp, line 773]
Event: 12.586 Thread 0x000002908e56f410 Exception <a 'java/lang/NoSuchMethodError'{0x0000000089691818}: 'java.lang.Object java.lang.invoke.DirectMethodHandle$Holder.invokeSpecial(java.lang.Object, java.lang.Object, int, java.lang.Object, int)'> (0x0000000089691818) 
thrown [s\open\src\hotspot\share\interpreter\linkResolver.cpp, line 773]
Event: 13.061 Thread 0x000002908e56f410 Exception <a 'java/lang/IncompatibleClassChangeError'{0x000000008acae4b8}: Found class java.lang.Object, but interface was expected> (0x000000008acae4b8) 
thrown [s\open\src\hotspot\share\interpreter\linkResolver.cpp, line 840]
Event: 13.175 Thread 0x000002908e56f410 Exception <a 'java/lang/IncompatibleClassChangeError'{0x000000008aa53a90}: Found class java.lang.Object, but interface was expected> (0x000000008aa53a90) 
thrown [s\open\src\hotspot\share\interpreter\linkResolver.cpp, line 840]
Event: 13.550 Thread 0x000002908e56f410 Exception <a 'java/lang/IncompatibleClassChangeError'{0x00000000896b8c80}: Found class java.lang.Object, but interface was expected> (0x00000000896b8c80) 
thrown [s\open\src\hotspot\share\interpreter\linkResolver.cpp, line 840]
Event: 13.664 Thread 0x000002908e56f410 Exception <a 'java/lang/IncompatibleClassChangeError'{0x00000000891a9a20}: Found class java.lang.Object, but interface was expected> (0x00000000891a9a20) 
thrown [s\open\src\hotspot\share\interpreter\linkResolver.cpp, line 840]
Event: 13.664 Thread 0x000002908e56f410 Exception <a 'java/lang/IncompatibleClassChangeError'{0x00000000891af4a0}: Found class java.lang.Object, but interface was expected> (0x00000000891af4a0) 
thrown [s\open\src\hotspot\share\interpreter\linkResolver.cpp, line 840]
Event: 15.169 Thread 0x000002908e56f410 Exception <a 'java/lang/NoSuchMethodError'{0x000000008adb3860}: 'long java.lang.invoke.DirectMethodHandle$Holder.invokeVirtual(java.lang.Object, java.lang.Object)'> (0x000000008adb3860) 
thrown [s\open\src\hotspot\share\interpreter\linkResolver.cpp, line 773]
Event: 15.181 Thread 0x000002908e56f410 Exception <a 'java/io/FileNotFoundException'{0x000000008ade0690}> (0x000000008ade0690) 
thrown [s\open\src\hotspot\share\prims\jni.cpp, line 520]

ZGC Phase Switch (0 events):
No events

VM Operations (20 events):
Event: 16.321 Executing VM operation: G1CollectForAllocation (G1 Evacuation Pause) done
Event: 16.526 Executing VM operation: G1TryInitiateConcMark (G1 Humongous Allocation)
Event: 16.549 Executing VM operation: G1TryInitiateConcMark (G1 Humongous Allocation) done
Event: 16.656 Executing VM operation: G1PauseRemark
Event: 16.664 Executing VM operation: G1PauseRemark done
Event: 16.697 Executing VM operation: G1PauseCleanup
Event: 16.698 Executing VM operation: G1PauseCleanup done
Event: 16.850 Executing VM operation: G1CollectForAllocation (G1 Evacuation Pause)
Event: 16.881 Executing VM operation: G1CollectForAllocation (G1 Evacuation Pause) done
Event: 17.048 Executing VM operation: G1CollectForAllocation (G1 Evacuation Pause)
Event: 17.076 Executing VM operation: G1CollectForAllocation (G1 Evacuation Pause) done
Event: 17.275 Executing VM operation: G1CollectForAllocation (G1 Evacuation Pause)
Event: 17.286 Executing VM operation: G1CollectForAllocation (G1 Evacuation Pause) done
Event: 17.417 Executing VM operation: G1PauseRemark
Event: 17.423 Executing VM operation: G1PauseRemark done
Event: 17.478 Executing VM operation: G1PauseCleanup
Event: 17.478 Executing VM operation: G1PauseCleanup done
Event: 17.511 Executing VM operation: G1CollectForAllocation (G1 Evacuation Pause)
Event: 17.517 Executing VM operation: G1CollectForAllocation (G1 Evacuation Pause) done
Event: 17.874 Executing VM operation: G1CollectForAllocation (G1 Evacuation Pause)

Events (20 events):
Event: 15.090 Thread 0x00000290484a0ec0 flushing nmethod 0x0000029040748410
Event: 15.090 Thread 0x00000290484a0ec0 flushing nmethod 0x00000290406d8090
Event: 15.090 Thread 0x00000290484a0ec0 flushing nmethod 0x0000029040691890
Event: 15.090 Thread 0x00000290484a0ec0 flushing nmethod 0x000002904067e410
Event: 15.090 Thread 0x00000290484a0ec0 flushing nmethod 0x0000029040502590
Event: 15.200 Thread 0x000002908fc39020 Thread added: 0x000002908fc39020
Event: 15.203 Thread 0x000002909097c940 Thread added: 0x000002909097c940
Event: 15.212 Thread 0x000002908e47b050 Thread added: 0x000002908e47b050
Event: 15.886 Thread 0x00000290484a0ec0 flushing nmethod 0x0000029040e33290
Event: 15.886 Thread 0x00000290484a0ec0 flushing nmethod 0x0000029040e32e10
Event: 15.886 Thread 0x00000290484a0ec0 flushing nmethod 0x0000029040e44990
Event: 15.886 Thread 0x00000290484a0ec0 flushing nmethod 0x0000029040e3ec90
Event: 15.886 Thread 0x00000290484a0ec0 flushing nmethod 0x0000029040e21090
Event: 15.886 Thread 0x00000290484a0ec0 flushing nmethod 0x0000029040e14290
Event: 15.886 Thread 0x00000290484a0ec0 flushing nmethod 0x0000029040c17e90
Event: 15.886 Thread 0x00000290484a0ec0 flushing nmethod 0x0000029040bc1e90
Event: 16.663 Thread 0x00000290484a0ec0 flushing nmethod 0x0000029040b5f710
Event: 16.663 Thread 0x00000290484a0ec0 flushing nmethod 0x0000029040b32610
Event: 16.663 Thread 0x00000290484a0ec0 flushing nmethod 0x0000029040a61a90
Event: 16.663 Thread 0x00000290484a0ec0 flushing nmethod 0x00000290407c7790


Dynamic libraries:
0x00007ff7da5e0000 - 0x00007ff7da5f0000 	C:\Program Files\Java\jdk-21\bin\java.exe
0x00007ff86e210000 - 0x00007ff86e427000 	C:\WINDOWS\SYSTEM32\ntdll.dll
0x00007ff86ded0000 - 0x00007ff86df94000 	C:\WINDOWS\System32\KERNEL32.DLL
0x00007ff86b7d0000 - 0x00007ff86bb7c000 	C:\WINDOWS\System32\KERNELBASE.dll
0x00007ff86bdb0000 - 0x00007ff86bec1000 	C:\WINDOWS\System32\ucrtbase.dll
0x00007ff851060000 - 0x00007ff85107b000 	C:\Program Files\Java\jdk-21\bin\VCRUNTIME140.dll
0x00007ff8525d0000 - 0x00007ff8525e9000 	C:\Program Files\Java\jdk-21\bin\jli.dll
0x00007ff86cf90000 - 0x00007ff86d042000 	C:\WINDOWS\System32\ADVAPI32.dll
0x00007ff86c1f0000 - 0x00007ff86c297000 	C:\WINDOWS\System32\msvcrt.dll
0x00007ff86d9a0000 - 0x00007ff86da4a000 	C:\WINDOWS\System32\sechost.dll
0x00007ff86bb80000 - 0x00007ff86bba8000 	C:\WINDOWS\System32\bcrypt.dll
0x00007ff86cdb0000 - 0x00007ff86cec5000 	C:\WINDOWS\System32\RPCRT4.dll
0x00007ff86c2e0000 - 0x00007ff86c48e000 	C:\WINDOWS\System32\USER32.dll
0x00007ff86bd80000 - 0x00007ff86bda6000 	C:\WINDOWS\System32\win32u.dll
0x00007ff86c2b0000 - 0x00007ff86c2d9000 	C:\WINDOWS\System32\GDI32.dll
0x00007ff86b6b0000 - 0x00007ff86b7c9000 	C:\WINDOWS\System32\gdi32full.dll
0x00007ff86bbb0000 - 0x00007ff86bc4a000 	C:\WINDOWS\System32\msvcp_win.dll
0x00007ff853540000 - 0x00007ff8537d3000 	C:\WINDOWS\WinSxS\amd64_microsoft.windows.common-controls_6595b64144ccf1df_6.0.22621.3672_none_2713b9d173822955\COMCTL32.dll
0x00007ff8649e0000 - 0x00007ff8649ea000 	C:\WINDOWS\SYSTEM32\VERSION.dll
0x00007ff86ced0000 - 0x00007ff86cf01000 	C:\WINDOWS\System32\IMM32.DLL
0x00007ff850e70000 - 0x00007ff850e7c000 	C:\Program Files\Java\jdk-21\bin\vcruntime140_1.dll
0x00007ff84e360000 - 0x00007ff84e3ee000 	C:\Program Files\Java\jdk-21\bin\msvcp140.dll
0x00007ff81ccd0000 - 0x00007ff81d9dd000 	C:\Program Files\Java\jdk-21\bin\server\jvm.dll
0x00007ff86cf10000 - 0x00007ff86cf81000 	C:\WINDOWS\System32\WS2_32.dll
0x00007ff86b400000 - 0x00007ff86b44d000 	C:\WINDOWS\SYSTEM32\POWRPROF.dll
0x00007ff8653d0000 - 0x00007ff865404000 	C:\WINDOWS\SYSTEM32\WINMM.dll
0x00007ff86b330000 - 0x00007ff86b343000 	C:\WINDOWS\SYSTEM32\UMPDC.dll
0x00007ff86a530000 - 0x00007ff86a548000 	C:\WINDOWS\SYSTEM32\kernel.appcore.dll
0x00007ff850d70000 - 0x00007ff850d7a000 	C:\Program Files\Java\jdk-21\bin\jimage.dll
0x00007ff868d70000 - 0x00007ff868fa2000 	C:\WINDOWS\SYSTEM32\DBGHELP.DLL
0x00007ff86d060000 - 0x00007ff86d3e8000 	C:\WINDOWS\System32\combase.dll
0x00007ff86c110000 - 0x00007ff86c1e7000 	C:\WINDOWS\System32\OLEAUT32.dll
0x00007ff8472c0000 - 0x00007ff8472f2000 	C:\WINDOWS\SYSTEM32\dbgcore.DLL
0x00007ff86bed0000 - 0x00007ff86bf4b000 	C:\WINDOWS\System32\bcryptPrimitives.dll
0x00007ff84f5b0000 - 0x00007ff84f5cf000 	C:\Program Files\Java\jdk-21\bin\java.dll
0x00007ff86c4f0000 - 0x00007ff86cd4c000 	C:\WINDOWS\System32\SHELL32.dll
0x00007ff869440000 - 0x00007ff869d37000 	C:\WINDOWS\SYSTEM32\windows.storage.dll
0x00007ff869300000 - 0x00007ff86943f000 	C:\WINDOWS\SYSTEM32\wintypes.dll
0x00007ff86d3f0000 - 0x00007ff86d4e4000 	C:\WINDOWS\System32\SHCORE.dll
0x00007ff86dff0000 - 0x00007ff86e04e000 	C:\WINDOWS\System32\shlwapi.dll
0x00007ff86b470000 - 0x00007ff86b491000 	C:\WINDOWS\SYSTEM32\profapi.dll
0x00007ff850b60000 - 0x00007ff850b70000 	C:\Program Files\Java\jdk-21\bin\net.dll
0x00007ff867690000 - 0x00007ff8677c6000 	C:\WINDOWS\SYSTEM32\WINHTTP.dll
0x00007ff86a9a0000 - 0x00007ff86aa09000 	C:\WINDOWS\system32\mswsock.dll
0x00007ff84f590000 - 0x00007ff84f5a6000 	C:\Program Files\Java\jdk-21\bin\nio.dll
0x00007ff84f540000 - 0x00007ff84f558000 	C:\Program Files\Java\jdk-21\bin\zip.dll
0x00007ff8508d0000 - 0x00007ff8508da000 	C:\Program Files\Java\jdk-21\bin\management.dll
0x00007ff850860000 - 0x00007ff85086b000 	C:\Program Files\Java\jdk-21\bin\management_ext.dll
0x00007ff86d990000 - 0x00007ff86d998000 	C:\WINDOWS\System32\PSAPI.DLL
0x00007ff84fb90000 - 0x00007ff84fb9e000 	C:\Program Files\Java\jdk-21\bin\sunmscapi.dll
0x00007ff86b540000 - 0x00007ff86b6a7000 	C:\WINDOWS\System32\CRYPT32.dll
0x00007ff86ae00000 - 0x00007ff86ae2e000 	C:\WINDOWS\SYSTEM32\ncrypt.dll
0x00007ff86adc0000 - 0x00007ff86adf7000 	C:\WINDOWS\SYSTEM32\NTASN1.dll
0x00007ff86abd0000 - 0x00007ff86abeb000 	C:\WINDOWS\SYSTEM32\CRYPTSP.dll
0x00007ff86a490000 - 0x00007ff86a4c5000 	C:\WINDOWS\system32\rsaenh.dll
0x00007ff86aa60000 - 0x00007ff86aa88000 	C:\WINDOWS\SYSTEM32\USERENV.dll
0x00007ff86abf0000 - 0x00007ff86abfc000 	C:\WINDOWS\SYSTEM32\CRYPTBASE.dll
0x00007ff869fa0000 - 0x00007ff869fcd000 	C:\WINDOWS\SYSTEM32\IPHLPAPI.DLL
0x00007ff86d050000 - 0x00007ff86d059000 	C:\WINDOWS\System32\NSI.dll
0x00007ff850b30000 - 0x00007ff850b40000 	C:\Program Files\Java\jdk-21\bin\verify.dll
0x00007ff869fd0000 - 0x00007ff86a0c8000 	C:\WINDOWS\SYSTEM32\DNSAPI.dll
0x0000000076fe0000 - 0x0000000077006000 	C:\Program Files\Bonjour\mdnsNSP.dll
0x00007ff863810000 - 0x00007ff86381a000 	C:\Windows\System32\rasadhlp.dll
0x00007ff864480000 - 0x00007ff864503000 	C:\WINDOWS\System32\fwpuclnt.dll
0x00007ff84fb80000 - 0x00007ff84fb89000 	C:\Program Files\Java\jdk-21\bin\extnet.dll

dbghelp: loaded successfully - version: 4.0.5 - missing functions: none
symbol engine: initialized successfully - sym options: 0x614 - pdb path: .;C:\Program Files\Java\jdk-21\bin;C:\WINDOWS\SYSTEM32;C:\WINDOWS\WinSxS\amd64_microsoft.windows.common-controls_6595b64144ccf1df_6.0.22621.3672_none_2713b9d173822955;C:\Program Files\Java\jdk-21\bin\server;C:\Program Files\Bonjour

VM Arguments:
jvm_args: -XX:TieredStopAtLevel=1 
java_command: com.auca_hr.AUCA_HR_System.AucaHrSystemApplication
java_class_path (initial): C:\Users\Gertrude\Downloads\AUCA-HR-System\AUCA-HR-System\target\classes;C:\Users\Gertrude\.m2\repository\ch\qos\logback\logback-classic\1.5.18\logback-classic-1.5.18.jar;C:\Users\Gertrude\.m2\repository\ch\qos\logback\logback-core\1.5.18\logback-core-1.5.18.jar;C:\Users\Gertrude\.m2\repository\org\apache\logging\log4j\log4j-to-slf4j\2.24.3\log4j-to-slf4j-2.24.3.jar;C:\Users\Gertrude\.m2\repository\org\apache\logging\log4j\log4j-api\2.24.3\log4j-api-2.24.3.jar;C:\Users\Gertrude\.m2\repository\org\slf4j\jul-to-slf4j\2.0.17\jul-to-slf4j-2.0.17.jar;C:\Users\Gertrude\.m2\repository\jakarta\annotation\jakarta.annotation-api\2.1.1\jakarta.annotation-api-2.1.1.jar;C:\Users\Gertrude\.m2\repository\org\yaml\snakeyaml\2.4\snakeyaml-2.4.jar;C:\Users\Gertrude\.m2\repository\com\zaxxer\HikariCP\6.3.0\HikariCP-6.3.0.jar;C:\Users\Gertrude\.m2\repository\org\springframework\spring-jdbc\6.2.7\spring-jdbc-6.2.7.jar;C:\Users\Gertrude\.m2\repository\org\hibernate\orm\hibernate-core\6.6.15.Final\hibernate-core-6.6.15.Final.jar;C:\Users\Gertrude\.m2\repository\jakarta\persistence\jakarta.persistence-api\3.1.0\jakarta.persistence-api-3.1.0.jar;C:\Users\Gertrude\.m2\repository\jakarta\transaction\jakarta.transaction-api\2.0.1\jakarta.transaction-api-2.0.1.jar;C:\Users\Gertrude\.m2\repository\org\jboss\logging\jboss-logging\3.6.1.Final\jboss-logging-3.6.1.Final.jar;C:\Users\Gertrude\.m2\repository\org\hibernate\common\hibernate-commons-annotations\7.0.3.Final\hibernate-commons-annotations-7.0.3.Final.jar;C:\Users\Gertrude\.m2\repository\io\smallrye\jandex\3.2.0\jandex-3.2.0.jar;C:\Users\Gertrude\.m2\repository\com\fasterxml\classmate\1.7.0\classmate-1.7.0.jar;C:\Users\Gertrude\.m2\repository\net\bytebuddy\byte-buddy\1.17.5\byte-buddy-1.17.5.jar;C:\Users\Gertrude\.m2\repository\org\glassfish\jaxb\jaxb-runtime\4.0.5\jaxb-runtime-4.0.5.jar;C:\Users\Gertrude\.m2\repository\org\glassfish\jaxb\jaxb-core\4.0.5\jaxb-core-4.0.5.jar;C:\Users\Gertrude\.m2\repository\org\glassfish\jaxb\txw2\4.0.5\txw2-4.0.5.jar;C:\Users\Gertrude\.m2\repository\com\sun\istack\istack-commons-runtime\4.1.2\istack-commons-runtime-4.1.2.jar;C:\Users\Gertrude\.m2\repository\jakarta\inject\jakarta.inject-api\2.0.1\jakarta.inject-api-2.0.1.jar;C:\Users\Gertrude\.m2\repository\org\antlr\antlr4-runtime\4.13.0\antlr4-runtime-4.13.0.jar;C:\Users\Gertrude\.m2\repository\org\springframework\data\spring-data-jpa\3.5.0\spring-data-jpa-3.5.0.jar;C:\Users\Gertrude\.m2\repository\org\springframework\data\spring-data-commons\3.5.0\spring-data-commons-3.5.0.jar;C:\Users\Gertrude\.m2\repository\org\springframework\spring-orm\6.2.7\spring-orm-6.2.7.jar;C:\Users\Gertrude\.m2\repository\org\springframework\spring-context\6.2.7\spring-context-6.2.7.jar;C:\Users\Gertrude\.m2\repository\org\springframework\spring-tx\6.2.7\spring-tx-6.2.7.jar;C:\Users\Gertrude\.m2\repository\org\springframework\spring-beans\6.2.7\spring-beans-6.2.7.jar;C:\Users\Gertrude\.m2\repository\org\slf4j\slf4j-api\2.0.17\slf4j-api-2.0.17.jar;C:\Users\Gertrude\.m2\repository\org\springframework\spring-aspects\6.2.7\spring-aspects-6.2.7.jar;C:\Users\Gertrude\.m2\repository\org\aspectj\aspectjweaver\1.9.24\aspectjweaver-1.9.24.jar;C:\Users\Gertrude\.m2\repository\org\springframework\spring-aop\6.2.7\spring-aop-6.2.7.jar;C:\Users\Gertrude\.m2\repository\org\springframework\security\spring-security-config\6.5.0\spring-security-config-6.5.0.jar;C:\Users\Gertrude\.m2\repository\org\springframework\security\spring-security-web\6.5.0\spring-security-web-6.5.0.jar;C:\Users\Gertrude\.m2\repository\org\springframework\spring-expression\6.2.7\spring-expression-6.2.7.jar;C:\Users\Gertrude\.m2\repository\com\fasterxml\jackson\datatype\jackson-datatype-jdk8\2.19.0\jackson-datatype-jdk8-2.19.0.jar;C:\Users\Gertrude\.m2\repository\com\fasterxml\jackson\datatype\jackson-datatype-jsr310\2.19.0\jackson-datatype-jsr310-2.19.0.jar;C:\Users\Gertrude\.m2\repository\com\fasterxml\jackson\module\jackson-module-parameter-names\2.19.0\jackson-module-parameter-names-2.19.0.jar;C:\Users\Gertrude\.m2\repository\org\apache\tomcat\embed\tomcat-embed-core\10.1.41\tomcat-embed-core-10.1.41.jar;C:\Users\Gertrude\.m2\repository\org\apache\tomcat\embed\tomcat-embed-websocket\10.1.41\tomcat-embed-websocket-10.1.41.jar;C:\Users\Gertrude\.m2\repository\org\springframework\spring-web\6.2.7\spring-web-6.2.7.jar;C:\Users\Gertrude\.m2\repository\io\micrometer\micrometer-observation\1.15.0\micrometer-observation-1.15.0.jar;C:\Users\Gertrude\.m2\repository\io\micrometer\micrometer-commons\1.15.0\micrometer-commons-1.15.0.jar;C:\Users\Gertrude\.m2\repository\org\springframework\spring-webmvc\6.2.7\spring-webmvc-6.2.7.jar;C:\Users\Gertrude\.m2\repository\org\springframework\boot\spring-boot-devtools\3.5.0\spring-boot-devtools-3.5.0.jar;C:\Users\Gertrude\.m2\repository\org\springframework\boot\spring-boot\3.5.0\spring-boot-3.5.0.jar;C:\Users\Gertrude\.m2\repository\org\springframework\boot\spring-boot-autoconfigure\3.5.0\spring-boot-autoconfigure-3.5.0.jar;C:\Users\Gertrude\.m2\repository\org\postgresql\postgresql\42.7.5\postgresql-42.7.5.jar;C:\Users\Gertrude\.m2\repository\org\checkerframework\checker-qual\3.48.3\checker-qual-3.48.3.jar;C:\Users\Gertrude\.m2\repository\jakarta\xml\bind\jakarta.xml.bind-api\4.0.2\jakarta.xml.bind-api-4.0.2.jar;C:\Users\Gertrude\.m2\repository\jakarta\activation\jakarta.activation-api\2.1.3\jakarta.activation-api-2.1.3.jar;C:\Users\Gertrude\.m2\repository\org\springframework\spring-core\6.2.7\spring-core-6.2.7.jar;C:\Users\Gertrude\.m2\repository\org\springframework\spring-jcl\6.2.7\spring-jcl-6.2.7.jar;C:\Users\Gertrude\.m2\repository\org\springframework\security\spring-security-core\6.5.0\spring-security-core-6.5.0.jar;C:\Users\Gertrude\.m2\repository\org\springframework\security\spring-security-crypto\6.5.0\spring-security-crypto-6.5.0.jar;C:\Users\Gertrude\.m2\repository\org\apache\tomcat\embed\tomcat-embed-el\10.1.41\tomcat-embed-el-10.1.41.jar;C:\Users\Gertrude\.m2\repository\org\hibernate\validator\hibernate-validator\8.0.2.Final\hibernate-validator-8.0.2.Final.jar;C:\Users\Gertrude\.m2\repository\jakarta\validation\jakarta.validation-api\3.0.2\jakarta.validation-api-3.0.2.jar;C:\Users\Gertrude\.m2\repository\com\cloudinary\cloudinary-http44\1.37.0\cloudinary-http44-1.37.0.jar;C:\Users\Gertrude\.m2\repository\com\cloudinary\cloudinary-core\1.37.0\cloudinary-core-1.37.0.jar;C:\Users\Gertrude\.m2\repository\org\apache\commons\commons-lang3\3.17.0\commons-lang3-3.17.0.jar;C:\Users\Gertrude\.m2\repository\org\apache\httpcomponents\httpclient\4.4\httpclient-4.4.jar;C:\Users\Gertrude\.m2\repository\org\apache\httpcomponents\httpcore\4.4.16\httpcore-4.4.16.jar;C:\Users\Gertrude\.m2\repository\commons-logging\commons-logging\1.2\commons-logging-1.2.jar;C:\Users\Gertrude\.m2\repository\commons-codec\commons-codec\1.18.0\commons-codec-1.18.0.jar;C:\Users\Gertrude\.m2\repository\org\apache\httpcomponents\httpmime\4.4\httpmime-4.4.jar;C:\Users\Gertrude\.m2\repository\io\jsonwebtoken\jjwt-api\0.12.3\jjwt-api-0.12.3.jar;C:\Users\Gertrude\.m2\repository\io\jsonwebtoken\jjwt-impl\0.12.3\jjwt-impl-0.12.3.jar;C:\Users\Gertrude\.m2\repository\io\jsonwebtoken\jjwt-jackson\0.12.3\jjwt-jackson-0.12.3.jar;C:\Users\Gertrude\.m2\repository\com\fasterxml\jackson\core\jackson-databind\2.19.0\jackson-databind-2.19.0.jar;C:\Users\Gertrude\.m2\repository\com\fasterxml\jackson\core\jackson-annotations\2.19.0\jackson-annotations-2.19.0.jar;C:\Users\Gertrude\.m2\repository\com\fasterxml\jackson\core\jackson-core\2.19.0\jackson-core-2.19.0.jar;C:\Users\Gertrude\.m2\repository\org\springframework\spring-context-support\6.2.7\spring-context-support-6.2.7.jar;C:\Users\Gertrude\.m2\repository\org\eclipse\angus\jakarta.mail\2.0.3\jakarta.mail-2.0.3.jar;C:\Users\Gertrude\.m2\repository\org\eclipse\angus\angus-activation\2.0.2\angus-activation-2.0.2.jar;C:\Users\Gertrude\.m2\repository\org\springframework\spring-messaging\6.2.7\spring-messaging-6.2.7.jar;C:\Users\Gertrude\.m2\repository\org\springframework\spring-websocket\6.2.7\spring-websocket-6.2.7.jar
Launcher Type: SUN_STANDARD

[Global flags]
     intx CICompilerCount                          = 4                                         {product} {ergonomic}
     uint ConcGCThreads                            = 2                                         {product} {ergonomic}
     uint G1ConcRefinementThreads                  = 8                                         {product} {ergonomic}
   size_t G1HeapRegionSize                         = 1048576                                   {product} {ergonomic}
    uintx GCDrainStackTargetSize                   = 64                                        {product} {ergonomic}
   size_t InitialHeapSize                          = 127926272                                 {product} {ergonomic}
   size_t MarkStackSize                            = 4194304                                   {product} {ergonomic}
   size_t MaxHeapSize                              = 2040528896                                {product} {ergonomic}
   size_t MaxNewSize                               = 1223688192                                {product} {ergonomic}
   size_t MinHeapDeltaBytes                        = 1048576                                   {product} {ergonomic}
   size_t MinHeapSize                              = 8388608                                   {product} {ergonomic}
    uintx NonNMethodCodeHeapSize                   = 4096                                   {pd product} {ergonomic}
    uintx NonProfiledCodeHeapSize                  = 0                                      {pd product} {ergonomic}
     bool ProfileInterpreter                       = false                                  {pd product} {command line}
    uintx ProfiledCodeHeapSize                     = 0                                      {pd product} {ergonomic}
   size_t SoftMaxHeapSize                          = 2040528896                             {manageable} {ergonomic}
     intx TieredStopAtLevel                        = 1                                         {product} {command line}
     bool UseCompressedOops                        = true                           {product lp64_product} {ergonomic}
     bool UseG1GC                                  = true                                      {product} {ergonomic}
     bool UseLargePagesIndividualAllocation        = false                                  {pd product} {ergonomic}

Logging:
Log output configuration:
 #0: stdout all=warning uptime,level,tags foldmultilines=false
 #1: stderr all=off uptime,level,tags foldmultilines=false

Environment Variables:
JAVA_HOME=C:\Program Files\Java\jdk-21
PATH=c:\Users\Gertrude\AppData\Local\Programs\cursor\resources\app\bin;C:\Program Files\Google\Chrome\Application;C:\Program Files\Common Files\Oracle\Java\javapath;C:\Program Files\OpenJDK\jre-8.0.362.09-hotspot;C:\WINDOWS\system32;C:\WINDOWS;C:\WINDOWS\System32\Wbem;C:\WINDOWS\System32\WindowsPowerShell\v1.0\;C:\WINDOWS\System32\OpenSSH\;C:\ProgramData\chocolatey\bin;C:\Program Files\MySQL\MySQL Server 8.0\bin;C:\Program Files\Python311;\users\gertrude\appdata\roaming\python\python311\site-packages;C:\Users\Gertrude\AppData\Roaming\Python\Python311\Scripts;C:\Users\Gertrude\AppData\Roaming\Python\Python311\site-packages\pandas;C:\Program Files\Git\cmd;C:\Program Files\dotnet\;C:\Program Files\nodejs\;C:\src\flutter\bin;C:\Program Files\Android\Android Studio\bin;C:\Users\Gertrude\Downloads\apache-maven-3.9.6-bin\apache-maven-3.9.6\bin;C:\Users\Gertrude\Downloads\elasticsearch-8.15.1-windows-x86_64\elasticsearch-8.15.1\bin;C:\Users\Gertrude\Downloads\logstash-8.15.1\bin;C:\Users\Gertrude\D;C:\Users\Gertrude\AppData\Local\Microsoft\WindowsApps;C:\Program Files\CodeBlocks\MinGW\bin;C:\Users\Gertrude\AppData\Local\Programs\Microsoft VS Code\bin;C:\Program Files\Azure Data Studio\bin;C:\Program Files\Python311;\users\gertrude\appdata\roaming\python\python311\site-packages;C:\Users\Gertrude\AppData\Roaming\Python\Python311\Scripts;C:\Program Files\OpenJDK\jre-8.0.362.09-hotspot\bin;C:\Program Files\JetBrains\IntelliJ IDEA Community Edition 2024.1.3\bin;;C:\Program Files\JetBrains\IntelliJ IDEA 2024.1.3\bin;;C:\php;C:\Users\Gertrude\AppData\Roaming\npm;C:\Program Files\Android\Android Studio\bin;C:\src\flutter_windows_3.22.0-stable\flutter\dev;C:\src\flutter_windows_3.22.0-stable\flutter\bin;C:\Program Files\Java\jdk-21\bin;C:\Users\Gertrude\Downloads\elasticsearch-8.15.1-windows-x86_64\elasticsearch-8.15.1\bin
USERNAME=Gertrude
OS=Windows_NT
PROCESSOR_IDENTIFIER=Intel64 Family 6 Model 126 Stepping 5, GenuineIntel
TMP=C:\Users\Gertrude\AppData\Local\Temp
TEMP=C:\Users\Gertrude\AppData\Local\Temp




Periodic native trim disabled

---------------  S Y S T E M  ---------------

OS:
 Windows 11 , 64 bit Build 22621 (10.0.22621.3672)
OS uptime: 0 days 3:15 hours
Hyper-V role detected

CPU: total 8 (initial active 8) (4 cores per cpu, 2 threads per core) family 6 model 126 stepping 5 microcode 0xbc, cx8, cmov, fxsr, ht, mmx, 3dnowpref, sse, sse2, sse3, ssse3, sse4.1, sse4.2, popcnt, lzcnt, tsc, tscinvbit, avx, avx2, aes, erms, clmul, bmi1, bmi2, adx, avx512f, avx512dq, avx512cd, avx512bw, avx512vl, sha, fma, vzeroupper, avx512_vpopcntdq, avx512_vpclmulqdq, avx512_vaes, avx512_vnni, clflush, clflushopt, avx512_vbmi2, avx512_vbmi, hv, rdtscp, rdpid, fsrm, gfni, avx512_bitalg, f16c, avx512_ifma
Processor Information for all 8 processors :
  Max Mhz: 1190, Current Mhz: 991, Mhz Limit: 987

Memory: 4k page, system-wide physical 7778M (251M free)
TotalPageFile size 16589M (AvailPageFile size 134M)
current process WorkingSet (physical memory assigned to process): 382M, peak: 382M
current process commit charge ("private bytes"): 424M, peak: 648M

vm_info: Java HotSpot(TM) 64-Bit Server VM (21.0.3+7-LTS-152) for windows-amd64 JRE (21.0.3+7-LTS-152), built on 2024-03-11T17:42:26Z by "mach5one" with MS VC++ 17.6 (VS2022)

END.
