#
# There is insufficient memory for the Java Runtime Environment to continue.
# Native memory allocation (mmap) failed to map 270532608 bytes for G1 virtual space
# Possible reasons:
#   The system is out of physical RAM or swap space
#   The process is running with CompressedOops enabled, and the Java Heap may be blocking the growth of the native heap
# Possible solutions:
#   Reduce memory load on the system
#   Increase physical memory or swap space
#   Check if swap backing store is full
#   Decrease Java heap size (-Xmx/-Xms)
#   Decrease number of Java threads
#   Decrease Java thread stack sizes (-Xss)
#   Set larger code cache with -XX:ReservedCodeCacheSize=
#   JVM is running with Unscaled Compressed Oops mode in which the Java heap is
#     placed in the first 4GB address space. The Java Heap base address is the
#     maximum limit for the native heap growth. Please use -XX:HeapBaseMinAddress
#     to set the Java Heap base and to place the Java Heap above 4GB virtual address.
# This output file may be truncated or incomplete.
#
#  Out of Memory Error (os_windows.cpp:3600), pid=18548, tid=5780
#
# JRE version: Java(TM) SE Runtime Environment (21.0.3+7) (build 21.0.3+7-LTS-152)
# Java VM: Java HotSpot(TM) 64-Bit Server VM (21.0.3+7-LTS-152, mixed mode, emulated-client, sharing, tiered, compressed oops, compressed class ptrs, g1 gc, windows-amd64)
# No core dump will be written. Minidumps are not enabled by default on client versions of Windows
#

---------------  S U M M A R Y ------------

Command Line: -XX:TieredStopAtLevel=1 com.auca_hr.AUCA_HR_System.AucaHrSystemApplication

Host: Intel(R) Core(TM) i5-1035G1 CPU @ 1.00GHz, 8 cores, 7G,  Windows 11 , 64 bit Build 22621 (10.0.22621.3672)
Time: Tue Jun 10 23:30:15 2025 South Africa Standard Time elapsed time: 16.381300 seconds (0d 0h 0m 16s)

---------------  T H R E A D  ---------------

Current thread (0x000001d273dd0b00):  VMThread "VM Thread"          [id=5780, stack(0x0000000504a00000,0x0000000504b00000) (1024K)]

Stack: [0x0000000504a00000,0x0000000504b00000]
Native frames: (J=compiled Java code, j=interpreted, Vv=VM code, C=native code)
V  [jvm.dll+0x6c63b9]
V  [jvm.dll+0x84fa11]
V  [jvm.dll+0x851f3e]
V  [jvm.dll+0x852613]
V  [jvm.dll+0x27cd46]
V  [jvm.dll+0x6c2b55]
V  [jvm.dll+0x6b76da]
V  [jvm.dll+0x35051a]
V  [jvm.dll+0x358176]
V  [jvm.dll+0x3aa84e]
V  [jvm.dll+0x3aaaf8]
V  [jvm.dll+0x32491c]
V  [jvm.dll+0x3249a7]
V  [jvm.dll+0x36923c]
V  [jvm.dll+0x367a7e]
V  [jvm.dll+0x324091]
V  [jvm.dll+0x36719a]
V  [jvm.dll+0x857fd0]
V  [jvm.dll+0x8590d4]
V  [jvm.dll+0x859610]
V  [jvm.dll+0x8598b3]
V  [jvm.dll+0x7f9ffb]
V  [jvm.dll+0x6c4a9d]
C  [ucrtbase.dll+0x29333]
C  [KERNEL32.DLL+0x1257d]
C  [ntdll.dll+0x5af28]

VM_Operation (0x00000005056f9410): G1CollectForAllocation, mode: safepoint, requested by thread 0x000001d24c960460


---------------  P R O C E S S  ---------------

Threads class SMR info:
_java_thread_list=0x000001d24f427c30, length=18, elements={
0x000001d2740058b0, 0x000001d27f76c830, 0x000001d27f76d640, 0x000001d27f76f390,
0x000001d27f771570, 0x000001d27f7748b0, 0x000001d27f7725a0, 0x000001d27f774f20,
0x000001d27f735640, 0x000001d24c14c400, 0x000001d24c14fd10, 0x000001d24c9574b0,
0x000001d24c960460, 0x000001d24e418500, 0x000001d24e418b70, 0x000001d24e4b6ff0,
0x000001d24d248820, 0x000001d24f008020
}

Java Threads: ( => current thread )
  0x000001d2740058b0 JavaThread "main"                              [_thread_blocked, id=20788, stack(0x0000000504300000,0x0000000504400000) (1024K)]
  0x000001d27f76c830 JavaThread "Reference Handler"          daemon [_thread_blocked, id=2068, stack(0x0000000504b00000,0x0000000504c00000) (1024K)]
  0x000001d27f76d640 JavaThread "Finalizer"                  daemon [_thread_blocked, id=20040, stack(0x0000000504c00000,0x0000000504d00000) (1024K)]
  0x000001d27f76f390 JavaThread "Signal Dispatcher"          daemon [_thread_blocked, id=14424, stack(0x0000000504d00000,0x0000000504e00000) (1024K)]
  0x000001d27f771570 JavaThread "Attach Listener"            daemon [_thread_blocked, id=11676, stack(0x0000000504e00000,0x0000000504f00000) (1024K)]
  0x000001d27f7748b0 JavaThread "Service Thread"             daemon [_thread_blocked, id=4000, stack(0x0000000504f00000,0x0000000505000000) (1024K)]
  0x000001d27f7725a0 JavaThread "Monitor Deflation Thread"   daemon [_thread_blocked, id=16352, stack(0x0000000505000000,0x0000000505100000) (1024K)]
  0x000001d27f774f20 JavaThread "C1 CompilerThread0"         daemon [_thread_blocked, id=5068, stack(0x0000000505100000,0x0000000505200000) (1024K)]
  0x000001d27f735640 JavaThread "C1 CompilerThread1"         daemon [_thread_blocked, id=1296, stack(0x0000000505200000,0x0000000505300000) (1024K)]
  0x000001d24c14c400 JavaThread "Notification Thread"        daemon [_thread_blocked, id=17336, stack(0x0000000505300000,0x0000000505400000) (1024K)]
  0x000001d24c14fd10 JavaThread "Common-Cleaner"             daemon [_thread_blocked, id=21500, stack(0x0000000505400000,0x0000000505500000) (1024K)]
  0x000001d24c9574b0 JavaThread "Thread-0"                          [_thread_blocked, id=11096, stack(0x0000000505500000,0x0000000505600000) (1024K)]
  0x000001d24c960460 JavaThread "restartedMain"                     [_thread_blocked, id=20024, stack(0x0000000505600000,0x0000000505700000) (1024K)]
  0x000001d24e418500 JavaThread "PostgreSQL-JDBC-Cleaner"    daemon [_thread_blocked, id=1072, stack(0x0000000506000000,0x0000000506100000) (1024K)]
  0x000001d24e418b70 JavaThread "HikariPool-1:housekeeper"   daemon [_thread_blocked, id=15664, stack(0x0000000506100000,0x0000000506200000) (1024K)]
  0x000001d24e4b6ff0 JavaThread "Catalina-utility-1"                [_thread_blocked, id=19680, stack(0x0000000506200000,0x0000000506300000) (1024K)]
  0x000001d24d248820 JavaThread "Catalina-utility-2"                [_thread_blocked, id=20172, stack(0x0000000506300000,0x0000000506400000) (1024K)]
  0x000001d24f008020 JavaThread "container-0"                       [_thread_blocked, id=22856, stack(0x0000000506400000,0x0000000506500000) (1024K)]
Total: 18

Other Threads:
=>0x000001d273dd0b00 VMThread "VM Thread"                           [id=5780, stack(0x0000000504a00000,0x0000000504b00000) (1024K)]
  0x000001d27f734350 WatcherThread "VM Periodic Task Thread"        [id=20052, stack(0x0000000504900000,0x0000000504a00000) (1024K)]
  0x000001d273dd1240 WorkerThread "GC Thread#0"                     [id=1672, stack(0x0000000504400000,0x0000000504500000) (1024K)]
  0x000001d273dd20c0 WorkerThread "GC Thread#1"                     [id=4940, stack(0x0000000505700000,0x0000000505800000) (1024K)]
  0x000001d273dd2460 WorkerThread "GC Thread#2"                     [id=3748, stack(0x0000000505800000,0x0000000505900000) (1024K)]
  0x000001d273dd15e0 WorkerThread "GC Thread#3"                     [id=8952, stack(0x0000000505900000,0x0000000505a00000) (1024K)]
  0x000001d24ca07cb0 WorkerThread "GC Thread#4"                     [id=21256, stack(0x0000000505a00000,0x0000000505b00000) (1024K)]
  0x000001d24ca08ed0 WorkerThread "GC Thread#5"                     [id=4080, stack(0x0000000505b00000,0x0000000505c00000) (1024K)]
  0x000001d24ca09d50 WorkerThread "GC Thread#6"                     [id=16204, stack(0x0000000505d00000,0x0000000505e00000) (1024K)]
  0x000001d24ca07570 WorkerThread "GC Thread#7"                     [id=3936, stack(0x0000000505e00000,0x0000000505f00000) (1024K)]
  0x000001d27406f820 ConcurrentGCThread "G1 Main Marker"            [id=20344, stack(0x0000000504500000,0x0000000504600000) (1024K)]
  0x000001d273dd1980 WorkerThread "G1 Conc#0"                       [id=7564, stack(0x0000000504600000,0x0000000504700000) (1024K)]
  0x000001d24ca08b30 WorkerThread "G1 Conc#1"                       [id=9556, stack(0x0000000505c00000,0x0000000505d00000) (1024K)]
  0x000001d2740be960 ConcurrentGCThread "G1 Refine#0"               [id=21924, stack(0x0000000504700000,0x0000000504800000) (1024K)]
  0x000001d27f609760 ConcurrentGCThread "G1 Service"                [id=14716, stack(0x0000000504800000,0x0000000504900000) (1024K)]
Total: 15

Threads with active compile tasks:
Total: 0

VM state: at safepoint (normal execution)

VM Mutex/Monitor currently owned by a thread:  ([mutex/lock_event])
[0x00007ff81d902da8] Threads_lock - owner thread: 0x000001d273dd0b00
[0x00007ff81d902ea8] Heap_lock - owner thread: 0x000001d24c960460

Heap address: 0x0000000086600000, size: 1946 MB, Compressed Oops mode: 32-bit

CDS archive(s) mapped at: [0x000001d207000000-0x000001d207c90000-0x000001d207c90000), size 13172736, SharedBaseAddress: 0x000001d207000000, ArchiveRelocationMode: 1.
Compressed class space mapped at: 0x000001d208000000-0x000001d248000000, reserved size: 1073741824
Narrow klass base: 0x000001d207000000, Narrow klass shift: 0, Narrow klass range: 0x100000000

GC Precious Log:
 CardTable entry size: 512
 Card Set container configuration: InlinePtr #cards 5 size 8 Array Of Cards #cards 12 size 40 Howl #buckets 4 coarsen threshold 1843 Howl Bitmap #cards 512 size 80 coarsen threshold 460 Card regions per heap region 1 cards per card region 2048
 CPUs: 8 total, 8 available
 Memory: 7778M
 Large Page Support: Disabled
 NUMA Support: Disabled
 Compressed Oops: Enabled (32-bit)
 Heap Region Size: 1M
 Heap Min Capacity: 8M
 Heap Initial Capacity: 122M
 Heap Max Capacity: 1946M
 Pre-touch: Disabled
 Parallel Workers: 8
 Concurrent Workers: 2
 Concurrent Refinement Workers: 8
 Periodic GC: Disabled

Heap:
 garbage-first heap   total 132096K, used 73447K [0x0000000086600000, 0x0000000100000000)
  region size 1024K, 5 young (5120K), 5 survivors (5120K)
 Metaspace       used 65425K, committed 66112K, reserved 1114112K
  class space    used 9745K, committed 10048K, reserved 1048576K

Heap Regions: E=young(eden), S=young(survivor), O=old, HS=humongous(starts), HC=humongous(continues), CS=collection set, F=free, TAMS=top-at-mark-start, PB=parsable bottom
|   0|0x0000000086600000, 0x0000000086700000, 0x0000000086700000|100%|HS|  |TAMS 0x0000000086600000| PB 0x0000000086600000| Complete 
|   1|0x0000000086700000, 0x0000000086800000, 0x0000000086800000|100%|HS|  |TAMS 0x0000000086700000| PB 0x0000000086700000| Complete 
|   2|0x0000000086800000, 0x0000000086900000, 0x0000000086900000|100%| O|  |TAMS 0x0000000086800000| PB 0x0000000086800000| Untracked 
|   3|0x0000000086900000, 0x0000000086a00000, 0x0000000086a00000|100%| O|  |TAMS 0x0000000086900000| PB 0x0000000086900000| Untracked 
|   4|0x0000000086a00000, 0x0000000086b00000, 0x0000000086b00000|100%| O|  |TAMS 0x0000000086a00000| PB 0x0000000086a00000| Untracked 
|   5|0x0000000086b00000, 0x0000000086c00000, 0x0000000086c00000|100%| O|  |TAMS 0x0000000086b00000| PB 0x0000000086b00000| Untracked 
|   6|0x0000000086c00000, 0x0000000086d00000, 0x0000000086d00000|100%| O|  |TAMS 0x0000000086c00000| PB 0x0000000086c00000| Untracked 
|   7|0x0000000086d00000, 0x0000000086e00000, 0x0000000086e00000|100%| O|  |TAMS 0x0000000086d00000| PB 0x0000000086d00000| Untracked 
|   8|0x0000000086e00000, 0x0000000086f00000, 0x0000000086f00000|100%| O|  |TAMS 0x0000000086e00000| PB 0x0000000086e00000| Untracked 
|   9|0x0000000086f00000, 0x0000000087000000, 0x0000000087000000|100%| O|  |TAMS 0x0000000086f00000| PB 0x0000000086f00000| Untracked 
|  10|0x0000000087000000, 0x0000000087100000, 0x0000000087100000|100%| O|  |TAMS 0x0000000087000000| PB 0x0000000087000000| Untracked 
|  11|0x0000000087100000, 0x0000000087200000, 0x0000000087200000|100%| O|  |TAMS 0x0000000087100000| PB 0x0000000087100000| Untracked 
|  12|0x0000000087200000, 0x0000000087300000, 0x0000000087300000|100%| O|  |TAMS 0x0000000087200000| PB 0x0000000087200000| Untracked 
|  13|0x0000000087300000, 0x0000000087400000, 0x0000000087400000|100%| O|  |TAMS 0x0000000087300000| PB 0x0000000087300000| Untracked 
|  14|0x0000000087400000, 0x0000000087500000, 0x0000000087500000|100%| O|  |TAMS 0x0000000087400000| PB 0x0000000087400000| Untracked 
|  15|0x0000000087500000, 0x0000000087600000, 0x0000000087600000|100%| O|  |TAMS 0x0000000087500000| PB 0x0000000087500000| Untracked 
|  16|0x0000000087600000, 0x0000000087700000, 0x0000000087700000|100%| O|  |TAMS 0x0000000087600000| PB 0x0000000087600000| Untracked 
|  17|0x0000000087700000, 0x0000000087800000, 0x0000000087800000|100%| O|  |TAMS 0x0000000087700000| PB 0x0000000087700000| Untracked 
|  18|0x0000000087800000, 0x0000000087900000, 0x0000000087900000|100%| O|  |TAMS 0x0000000087800000| PB 0x0000000087800000| Untracked 
|  19|0x0000000087900000, 0x0000000087a00000, 0x0000000087a00000|100%| O|  |TAMS 0x0000000087900000| PB 0x0000000087900000| Untracked 
|  20|0x0000000087a00000, 0x0000000087b00000, 0x0000000087b00000|100%| O|  |TAMS 0x0000000087a00000| PB 0x0000000087a00000| Untracked 
|  21|0x0000000087b00000, 0x0000000087c00000, 0x0000000087c00000|100%| O|  |TAMS 0x0000000087b00000| PB 0x0000000087b00000| Untracked 
|  22|0x0000000087c00000, 0x0000000087d00000, 0x0000000087d00000|100%| O|  |TAMS 0x0000000087c00000| PB 0x0000000087c00000| Untracked 
|  23|0x0000000087d00000, 0x0000000087e00000, 0x0000000087e00000|100%| O|  |TAMS 0x0000000087d00000| PB 0x0000000087d00000| Untracked 
|  24|0x0000000087e00000, 0x0000000087f00000, 0x0000000087f00000|100%| O|  |TAMS 0x0000000087e00000| PB 0x0000000087e00000| Untracked 
|  25|0x0000000087f00000, 0x0000000088000000, 0x0000000088000000|100%| O|  |TAMS 0x0000000087f00000| PB 0x0000000087f00000| Untracked 
|  26|0x0000000088000000, 0x0000000088100000, 0x0000000088100000|100%| O|  |TAMS 0x0000000088000000| PB 0x0000000088000000| Untracked 
|  27|0x0000000088100000, 0x0000000088200000, 0x0000000088200000|100%| O|  |TAMS 0x0000000088100000| PB 0x0000000088100000| Untracked 
|  28|0x0000000088200000, 0x0000000088300000, 0x0000000088300000|100%| O|  |TAMS 0x0000000088200000| PB 0x0000000088200000| Untracked 
|  29|0x0000000088300000, 0x0000000088400000, 0x0000000088400000|100%| O|  |TAMS 0x0000000088300000| PB 0x0000000088300000| Untracked 
|  30|0x0000000088400000, 0x0000000088500000, 0x0000000088500000|100%| O|  |TAMS 0x0000000088400000| PB 0x0000000088400000| Untracked 
|  31|0x0000000088500000, 0x0000000088600000, 0x0000000088600000|100%| O|  |TAMS 0x0000000088500000| PB 0x0000000088500000| Untracked 
|  32|0x0000000088600000, 0x0000000088700000, 0x0000000088700000|100%| O|  |TAMS 0x0000000088600000| PB 0x0000000088600000| Untracked 
|  33|0x0000000088700000, 0x0000000088800000, 0x0000000088800000|100%| O|  |TAMS 0x0000000088700000| PB 0x0000000088700000| Untracked 
|  34|0x0000000088800000, 0x0000000088900000, 0x0000000088900000|100%| O|  |TAMS 0x0000000088800000| PB 0x0000000088800000| Untracked 
|  35|0x0000000088900000, 0x0000000088a00000, 0x0000000088a00000|100%| O|  |TAMS 0x0000000088900000| PB 0x0000000088900000| Untracked 
|  36|0x0000000088a00000, 0x0000000088b00000, 0x0000000088b00000|100%| O|  |TAMS 0x0000000088a00000| PB 0x0000000088a00000| Untracked 
|  37|0x0000000088b00000, 0x0000000088c00000, 0x0000000088c00000|100%| O|  |TAMS 0x0000000088b00000| PB 0x0000000088b00000| Untracked 
|  38|0x0000000088c00000, 0x0000000088d00000, 0x0000000088d00000|100%| O|  |TAMS 0x0000000088c00000| PB 0x0000000088c00000| Untracked 
|  39|0x0000000088d00000, 0x0000000088e00000, 0x0000000088e00000|100%| O|  |TAMS 0x0000000088d00000| PB 0x0000000088d00000| Untracked 
|  40|0x0000000088e00000, 0x0000000088f00000, 0x0000000088f00000|100%|HS|  |TAMS 0x0000000088e00000| PB 0x0000000088e00000| Complete 
|  41|0x0000000088f00000, 0x0000000089000000, 0x0000000089000000|100%| O|  |TAMS 0x0000000088f00000| PB 0x0000000088f00000| Untracked 
|  42|0x0000000089000000, 0x0000000089100000, 0x0000000089100000|100%| O|  |TAMS 0x0000000089000000| PB 0x0000000089000000| Untracked 
|  43|0x0000000089100000, 0x0000000089200000, 0x0000000089200000|100%| O|  |TAMS 0x0000000089100000| PB 0x0000000089100000| Untracked 
|  44|0x0000000089200000, 0x0000000089300000, 0x0000000089300000|100%| O|  |TAMS 0x0000000089200000| PB 0x0000000089200000| Untracked 
|  45|0x0000000089300000, 0x0000000089400000, 0x0000000089400000|100%| O|  |TAMS 0x0000000089300000| PB 0x0000000089300000| Untracked 
|  46|0x0000000089400000, 0x0000000089500000, 0x0000000089500000|100%| O|  |TAMS 0x0000000089400000| PB 0x0000000089400000| Untracked 
|  47|0x0000000089500000, 0x0000000089600000, 0x0000000089600000|100%| O|  |TAMS 0x0000000089500000| PB 0x0000000089500000| Untracked 
|  48|0x0000000089600000, 0x0000000089700000, 0x0000000089700000|100%| O|  |TAMS 0x0000000089600000| PB 0x0000000089600000| Untracked 
|  49|0x0000000089700000, 0x0000000089800000, 0x0000000089800000|100%| O|  |TAMS 0x0000000089700000| PB 0x0000000089700000| Untracked 
|  50|0x0000000089800000, 0x0000000089900000, 0x0000000089900000|100%| O|  |TAMS 0x0000000089800000| PB 0x0000000089800000| Untracked 
|  51|0x0000000089900000, 0x0000000089a00000, 0x0000000089a00000|100%| O|  |TAMS 0x0000000089900000| PB 0x0000000089900000| Untracked 
|  52|0x0000000089a00000, 0x0000000089b00000, 0x0000000089b00000|100%| O|  |TAMS 0x0000000089a00000| PB 0x0000000089a00000| Untracked 
|  53|0x0000000089b00000, 0x0000000089c00000, 0x0000000089c00000|100%| O|  |TAMS 0x0000000089b00000| PB 0x0000000089b00000| Untracked 
|  54|0x0000000089c00000, 0x0000000089d00000, 0x0000000089d00000|100%| O|  |TAMS 0x0000000089c00000| PB 0x0000000089c00000| Untracked 
|  55|0x0000000089d00000, 0x0000000089e00000, 0x0000000089e00000|100%| O|  |TAMS 0x0000000089d00000| PB 0x0000000089d00000| Untracked 
|  56|0x0000000089e00000, 0x0000000089f00000, 0x0000000089f00000|100%| O|  |TAMS 0x0000000089e00000| PB 0x0000000089e00000| Untracked 
|  57|0x0000000089f00000, 0x000000008a000000, 0x000000008a000000|100%| O|  |TAMS 0x0000000089f00000| PB 0x0000000089f00000| Untracked 
|  58|0x000000008a000000, 0x000000008a100000, 0x000000008a100000|100%| O|  |TAMS 0x000000008a000000| PB 0x000000008a000000| Untracked 
|  59|0x000000008a100000, 0x000000008a200000, 0x000000008a200000|100%| O|  |TAMS 0x000000008a100000| PB 0x000000008a100000| Untracked 
|  60|0x000000008a200000, 0x000000008a2b9fc0, 0x000000008a300000| 72%| O|  |TAMS 0x000000008a200000| PB 0x000000008a200000| Untracked 
|  61|0x000000008a300000, 0x000000008a300000, 0x000000008a400000|  0%| F|  |TAMS 0x000000008a300000| PB 0x000000008a300000| Untracked 
|  62|0x000000008a400000, 0x000000008a400000, 0x000000008a500000|  0%| F|  |TAMS 0x000000008a400000| PB 0x000000008a400000| Untracked 
|  63|0x000000008a500000, 0x000000008a500000, 0x000000008a600000|  0%| F|  |TAMS 0x000000008a500000| PB 0x000000008a500000| Untracked 
|  64|0x000000008a600000, 0x000000008a600000, 0x000000008a700000|  0%| F|  |TAMS 0x000000008a600000| PB 0x000000008a600000| Untracked 
|  65|0x000000008a700000, 0x000000008a700000, 0x000000008a800000|  0%| F|  |TAMS 0x000000008a700000| PB 0x000000008a700000| Untracked 
|  66|0x000000008a800000, 0x000000008a800000, 0x000000008a900000|  0%| F|  |TAMS 0x000000008a800000| PB 0x000000008a800000| Untracked 
|  67|0x000000008a900000, 0x000000008a900000, 0x000000008aa00000|  0%| F|  |TAMS 0x000000008a900000| PB 0x000000008a900000| Untracked 
|  68|0x000000008aa00000, 0x000000008aa00000, 0x000000008ab00000|  0%| F|  |TAMS 0x000000008aa00000| PB 0x000000008aa00000| Untracked 
|  69|0x000000008ab00000, 0x000000008ab00000, 0x000000008ac00000|  0%| F|  |TAMS 0x000000008ab00000| PB 0x000000008ab00000| Untracked 
|  70|0x000000008ac00000, 0x000000008ac00000, 0x000000008ad00000|  0%| F|  |TAMS 0x000000008ac00000| PB 0x000000008ac00000| Untracked 
|  71|0x000000008ad00000, 0x000000008ad00000, 0x000000008ae00000|  0%| F|  |TAMS 0x000000008ad00000| PB 0x000000008ad00000| Untracked 
|  72|0x000000008ae00000, 0x000000008ae00000, 0x000000008af00000|  0%| F|  |TAMS 0x000000008ae00000| PB 0x000000008ae00000| Untracked 
|  73|0x000000008af00000, 0x000000008af00000, 0x000000008b000000|  0%| F|  |TAMS 0x000000008af00000| PB 0x000000008af00000| Untracked 
|  74|0x000000008b000000, 0x000000008b000000, 0x000000008b100000|  0%| F|  |TAMS 0x000000008b000000| PB 0x000000008b000000| Untracked 
|  75|0x000000008b100000, 0x000000008b100000, 0x000000008b200000|  0%| F|  |TAMS 0x000000008b100000| PB 0x000000008b100000| Untracked 
|  76|0x000000008b200000, 0x000000008b200000, 0x000000008b300000|  0%| F|  |TAMS 0x000000008b200000| PB 0x000000008b200000| Untracked 
|  77|0x000000008b300000, 0x000000008b300000, 0x000000008b400000|  0%| F|  |TAMS 0x000000008b300000| PB 0x000000008b300000| Untracked 
|  78|0x000000008b400000, 0x000000008b400000, 0x000000008b500000|  0%| F|  |TAMS 0x000000008b400000| PB 0x000000008b400000| Untracked 
|  79|0x000000008b500000, 0x000000008b600000, 0x000000008b600000|100%| S|CS|TAMS 0x000000008b500000| PB 0x000000008b500000| Complete 
|  80|0x000000008b600000, 0x000000008b700000, 0x000000008b700000|100%| S|CS|TAMS 0x000000008b600000| PB 0x000000008b600000| Complete 
|  81|0x000000008b700000, 0x000000008b800000, 0x000000008b800000|100%| S|CS|TAMS 0x000000008b700000| PB 0x000000008b700000| Complete 
|  82|0x000000008b800000, 0x000000008b900000, 0x000000008b900000|100%| S|CS|TAMS 0x000000008b800000| PB 0x000000008b800000| Complete 
|  83|0x000000008b900000, 0x000000008ba00000, 0x000000008ba00000|100%| S|CS|TAMS 0x000000008b900000| PB 0x000000008b900000| Complete 
|  84|0x000000008ba00000, 0x000000008ba00000, 0x000000008bb00000|  0%| F|  |TAMS 0x000000008ba00000| PB 0x000000008ba00000| Untracked 
|  85|0x000000008bb00000, 0x000000008bb00000, 0x000000008bc00000|  0%| F|  |TAMS 0x000000008bb00000| PB 0x000000008bb00000| Untracked 
|  86|0x000000008bc00000, 0x000000008bc00000, 0x000000008bd00000|  0%| F|  |TAMS 0x000000008bc00000| PB 0x000000008bc00000| Untracked 
|  87|0x000000008bd00000, 0x000000008bd00000, 0x000000008be00000|  0%| F|  |TAMS 0x000000008bd00000| PB 0x000000008bd00000| Untracked 
|  88|0x000000008be00000, 0x000000008be00000, 0x000000008bf00000|  0%| F|  |TAMS 0x000000008be00000| PB 0x000000008be00000| Untracked 
|  89|0x000000008bf00000, 0x000000008bf00000, 0x000000008c000000|  0%| F|  |TAMS 0x000000008bf00000| PB 0x000000008bf00000| Untracked 
|  90|0x000000008c000000, 0x000000008c000000, 0x000000008c100000|  0%| F|  |TAMS 0x000000008c000000| PB 0x000000008c000000| Untracked 
|  91|0x000000008c100000, 0x000000008c100000, 0x000000008c200000|  0%| F|  |TAMS 0x000000008c100000| PB 0x000000008c100000| Untracked 
|  92|0x000000008c200000, 0x000000008c200000, 0x000000008c300000|  0%| F|  |TAMS 0x000000008c200000| PB 0x000000008c200000| Untracked 
|  93|0x000000008c300000, 0x000000008c300000, 0x000000008c400000|  0%| F|  |TAMS 0x000000008c300000| PB 0x000000008c300000| Untracked 
|  94|0x000000008c400000, 0x000000008c400000, 0x000000008c500000|  0%| F|  |TAMS 0x000000008c400000| PB 0x000000008c400000| Untracked 
|  95|0x000000008c500000, 0x000000008c500000, 0x000000008c600000|  0%| F|  |TAMS 0x000000008c500000| PB 0x000000008c500000| Untracked 
|  96|0x000000008c600000, 0x000000008c600000, 0x000000008c700000|  0%| F|  |TAMS 0x000000008c600000| PB 0x000000008c600000| Untracked 
|  97|0x000000008c700000, 0x000000008c700000, 0x000000008c800000|  0%| F|  |TAMS 0x000000008c700000| PB 0x000000008c700000| Untracked 
|  98|0x000000008c800000, 0x000000008c800000, 0x000000008c900000|  0%| F|  |TAMS 0x000000008c800000| PB 0x000000008c800000| Untracked 
|  99|0x000000008c900000, 0x000000008c900000, 0x000000008ca00000|  0%| F|  |TAMS 0x000000008c900000| PB 0x000000008c900000| Untracked 
| 100|0x000000008ca00000, 0x000000008ca00000, 0x000000008cb00000|  0%| F|  |TAMS 0x000000008ca00000| PB 0x000000008ca00000| Untracked 
| 101|0x000000008cb00000, 0x000000008cb00000, 0x000000008cc00000|  0%| F|  |TAMS 0x000000008cb00000| PB 0x000000008cb00000| Untracked 
| 102|0x000000008cc00000, 0x000000008cc00000, 0x000000008cd00000|  0%| F|  |TAMS 0x000000008cc00000| PB 0x000000008cc00000| Untracked 
| 103|0x000000008cd00000, 0x000000008cd00000, 0x000000008ce00000|  0%| F|  |TAMS 0x000000008cd00000| PB 0x000000008cd00000| Untracked 
| 104|0x000000008ce00000, 0x000000008ce00000, 0x000000008cf00000|  0%| F|  |TAMS 0x000000008ce00000| PB 0x000000008ce00000| Untracked 
| 105|0x000000008cf00000, 0x000000008cf00000, 0x000000008d000000|  0%| F|  |TAMS 0x000000008cf00000| PB 0x000000008cf00000| Untracked 
| 106|0x000000008d000000, 0x000000008d000000, 0x000000008d100000|  0%| F|  |TAMS 0x000000008d000000| PB 0x000000008d000000| Untracked 
| 107|0x000000008d100000, 0x000000008d100000, 0x000000008d200000|  0%| F|  |TAMS 0x000000008d100000| PB 0x000000008d100000| Untracked 
| 108|0x000000008d200000, 0x000000008d200000, 0x000000008d300000|  0%| F|  |TAMS 0x000000008d200000| PB 0x000000008d200000| Untracked 
| 109|0x000000008d300000, 0x000000008d300000, 0x000000008d400000|  0%| F|  |TAMS 0x000000008d300000| PB 0x000000008d300000| Untracked 
| 110|0x000000008d400000, 0x000000008d400000, 0x000000008d500000|  0%| F|  |TAMS 0x000000008d400000| PB 0x000000008d400000| Untracked 
| 111|0x000000008d500000, 0x000000008d500000, 0x000000008d600000|  0%| F|  |TAMS 0x000000008d500000| PB 0x000000008d500000| Untracked 
| 112|0x000000008d600000, 0x000000008d600000, 0x000000008d700000|  0%| F|  |TAMS 0x000000008d600000| PB 0x000000008d600000| Untracked 
| 113|0x000000008d700000, 0x000000008d700000, 0x000000008d800000|  0%| F|  |TAMS 0x000000008d700000| PB 0x000000008d700000| Untracked 
| 114|0x000000008d800000, 0x000000008d800000, 0x000000008d900000|  0%| F|  |TAMS 0x000000008d800000| PB 0x000000008d800000| Untracked 
| 115|0x000000008d900000, 0x000000008d900000, 0x000000008da00000|  0%| F|  |TAMS 0x000000008d900000| PB 0x000000008d900000| Untracked 
| 116|0x000000008da00000, 0x000000008da00000, 0x000000008db00000|  0%| F|  |TAMS 0x000000008da00000| PB 0x000000008da00000| Untracked 
| 117|0x000000008db00000, 0x000000008db00000, 0x000000008dc00000|  0%| F|  |TAMS 0x000000008db00000| PB 0x000000008db00000| Untracked 
| 118|0x000000008dc00000, 0x000000008dc00000, 0x000000008dd00000|  0%| F|  |TAMS 0x000000008dc00000| PB 0x000000008dc00000| Untracked 
| 119|0x000000008dd00000, 0x000000008dd00000, 0x000000008de00000|  0%| F|  |TAMS 0x000000008dd00000| PB 0x000000008dd00000| Untracked 
| 120|0x000000008de00000, 0x000000008de00000, 0x000000008df00000|  0%| F|  |TAMS 0x000000008de00000| PB 0x000000008de00000| Untracked 
| 121|0x000000008df00000, 0x000000008df00000, 0x000000008e000000|  0%| F|  |TAMS 0x000000008df00000| PB 0x000000008df00000| Untracked 
|1939|0x00000000ff900000, 0x00000000ff900000, 0x00000000ffa00000|  0%| F|  |TAMS 0x00000000ff900000| PB 0x00000000ff900000| Untracked 
|1940|0x00000000ffa00000, 0x00000000ffb00000, 0x00000000ffb00000|100%| O|  |TAMS 0x00000000ffa00000| PB 0x00000000ffa00000| Untracked 
|1941|0x00000000ffb00000, 0x00000000ffc00000, 0x00000000ffc00000|100%| O|  |TAMS 0x00000000ffb00000| PB 0x00000000ffb00000| Untracked 
|1942|0x00000000ffc00000, 0x00000000ffd00000, 0x00000000ffd00000|100%| O|  |TAMS 0x00000000ffc00000| PB 0x00000000ffc00000| Untracked 
|1943|0x00000000ffd00000, 0x00000000ffe00000, 0x00000000ffe00000|100%| O|  |TAMS 0x00000000ffd00000| PB 0x00000000ffd00000| Untracked 
|1944|0x00000000ffe00000, 0x00000000fff00000, 0x00000000fff00000|100%| O|  |TAMS 0x00000000ffe00000| PB 0x00000000ffe00000| Untracked 
|1945|0x00000000fff00000, 0x0000000100000000, 0x0000000100000000|100%| O|  |TAMS 0x00000000fff00000| PB 0x00000000fff00000| Untracked 

Card table byte_map: [0x000001d27e8f0000,0x000001d27ecc0000] _byte_map_base: 0x000001d27e4bd000

Marking Bits: (CMBitMap*) 0x000001d27405f3f0
 Bits: [0x000001d203000000, 0x000001d204e68000)

Polling page: 0x000001d2740c0000

Metaspace:

Usage:
  Non-class:     54.37 MB used.
      Class:      9.52 MB used.
       Both:     63.89 MB used.

Virtual space:
  Non-class space:       64.00 MB reserved,      54.75 MB ( 86%) committed,  1 nodes.
      Class space:        1.00 GB reserved,       9.81 MB ( <1%) committed,  1 nodes.
             Both:        1.06 GB reserved,      64.56 MB (  6%) committed. 

Chunk freelists:
   Non-Class:  9.10 MB
       Class:  6.08 MB
        Both:  15.17 MB

MaxMetaspaceSize: unlimited
CompressedClassSpaceSize: 1.00 GB
Initial GC threshold: 21.00 MB
Current GC threshold: 107.62 MB
CDS: on
 - commit_granule_bytes: 65536.
 - commit_granule_words: 8192.
 - virtual_space_node_default_size: 8388608.
 - enlarge_chunks_in_place: 1.
 - use_allocation_guard: 0.


Internal statistics:

num_allocs_failed_limit: 9.
num_arena_births: 898.
num_arena_deaths: 0.
num_vsnodes_births: 2.
num_vsnodes_deaths: 0.
num_space_committed: 1033.
num_space_uncommitted: 0.
num_chunks_returned_to_freelist: 9.
num_chunks_taken_from_freelist: 3329.
num_chunk_merges: 9.
num_chunk_splits: 2437.
num_chunks_enlarged: 1902.
num_inconsistent_stats: 0.

CodeCache: size=49152Kb used=11375Kb max_used=11375Kb free=37776Kb
 bounds [0x000001d200000000, 0x000001d200b20000, 0x000001d203000000]
 total_blobs=6755 nmethods=6067 adapters=610
 compilation: enabled
              stopped_count=0, restarted_count=0
 full_count=0

Compilation events (20 events):
Event: 16.279 Thread 0x000001d27f735640 nmethod 6159 0x000001d200b16990 code [0x000001d200b16b20, 0x000001d200b16c90]
Event: 16.279 Thread 0x000001d27f735640 6160       1       org.antlr.v4.runtime.tree.TerminalNodeImpl::<init> (10 bytes)
Event: 16.279 Thread 0x000001d27f735640 nmethod 6160 0x000001d200b16d10 code [0x000001d200b16ea0, 0x000001d200b16fb0]
Event: 16.279 Thread 0x000001d27f735640 6161       1       org.antlr.v4.runtime.ParserRuleContext::addChild (16 bytes)
Event: 16.279 Thread 0x000001d27f735640 nmethod 6161 0x000001d200b17010 code [0x000001d200b171e0, 0x000001d200b17528]
Event: 16.280 Thread 0x000001d27f735640 6162       1       java.util.ArrayList::remove (26 bytes)
Event: 16.280 Thread 0x000001d27f774f20 nmethod 6157 0x000001d200b17690 code [0x000001d200b17980, 0x000001d200b18418]
Event: 16.280 Thread 0x000001d27f735640 nmethod 6162 0x000001d200b18990 code [0x000001d200b18b40, 0x000001d200b18ca0]
Event: 16.315 Thread 0x000001d27f735640 6163       1       org.antlr.v4.runtime.misc.FlexibleHashMap::<init> (60 bytes)
Event: 16.315 Thread 0x000001d27f774f20 6164   !   1       org.antlr.v4.runtime.atn.LexerATNSimulator::addDFAState (224 bytes)
Event: 16.315 Thread 0x000001d27f735640 nmethod 6163 0x000001d200b18e10 code [0x000001d200b19000, 0x000001d200b192b0]
Event: 16.315 Thread 0x000001d27f735640 6165       1       org.antlr.v4.runtime.atn.LexerATNSimulator::addDFAEdge (37 bytes)
Event: 16.315 Thread 0x000001d27f735640 nmethod 6165 0x000001d200b19390 code [0x000001d200b19540, 0x000001d200b196c0]
Event: 16.316 Thread 0x000001d27f774f20 nmethod 6164 0x000001d200b19790 code [0x000001d200b199e0, 0x000001d200b1a2b8]
Event: 16.338 Thread 0x000001d27f774f20 6166       1       org.antlr.v4.runtime.atn.PredictionMode::allConfigsInRuleStopStates (41 bytes)
Event: 16.338 Thread 0x000001d27f774f20 nmethod 6166 0x000001d200b1a810 code [0x000001d200b1a9e0, 0x000001d200b1ac88]
Event: 16.339 Thread 0x000001d27f774f20 6167   !   1       org.antlr.v4.runtime.atn.LexerATNSimulator::addDFAEdge (57 bytes)
Event: 16.339 Thread 0x000001d27f774f20 nmethod 6167 0x000001d200b1ae10 code [0x000001d200b1afc0, 0x000001d200b1b3a8]
Event: 16.346 Thread 0x000001d27f735640 6168       1       org.antlr.v4.runtime.atn.PredictionMode::hasSLLConflictTerminatingPrediction (109 bytes)
Event: 16.347 Thread 0x000001d27f735640 nmethod 6168 0x000001d200b1b590 code [0x000001d200b1b7c0, 0x000001d200b1bca0]

GC Heap History (20 events):
Event: 14.370 GC heap after
{Heap after GC invocations=16 (full 0):
 garbage-first heap   total 58368K, used 30660K [0x0000000086600000, 0x0000000100000000)
  region size 1024K, 3 young (3072K), 3 survivors (3072K)
 Metaspace       used 61428K, committed 62080K, reserved 1114112K
  class space    used 9053K, committed 9344K, reserved 1048576K
}
Event: 14.759 GC heap before
{Heap before GC invocations=16 (full 0):
 garbage-first heap   total 58368K, used 49092K [0x0000000086600000, 0x0000000100000000)
  region size 1024K, 22 young (22528K), 3 survivors (3072K)
 Metaspace       used 63220K, committed 63872K, reserved 1114112K
  class space    used 9431K, committed 9728K, reserved 1048576K
}
Event: 14.766 GC heap after
{Heap after GC invocations=17 (full 0):
 garbage-first heap   total 58368K, used 31424K [0x0000000086600000, 0x0000000100000000)
  region size 1024K, 3 young (3072K), 3 survivors (3072K)
 Metaspace       used 63220K, committed 63872K, reserved 1114112K
  class space    used 9431K, committed 9728K, reserved 1048576K
}
Event: 15.088 GC heap before
{Heap before GC invocations=17 (full 0):
 garbage-first heap   total 58368K, used 48832K [0x0000000086600000, 0x0000000100000000)
  region size 1024K, 21 young (21504K), 3 survivors (3072K)
 Metaspace       used 64944K, committed 65600K, reserved 1114112K
  class space    used 9642K, committed 9920K, reserved 1048576K
}
Event: 15.094 GC heap after
{Heap after GC invocations=18 (full 0):
 garbage-first heap   total 58368K, used 32065K [0x0000000086600000, 0x0000000100000000)
  region size 1024K, 2 young (2048K), 2 survivors (2048K)
 Metaspace       used 64944K, committed 65600K, reserved 1114112K
  class space    used 9642K, committed 9920K, reserved 1048576K
}
Event: 15.434 GC heap before
{Heap before GC invocations=19 (full 0):
 garbage-first heap   total 58368K, used 51521K [0x0000000086600000, 0x0000000100000000)
  region size 1024K, 21 young (21504K), 2 survivors (2048K)
 Metaspace       used 65344K, committed 66048K, reserved 1114112K
  class space    used 9725K, committed 10048K, reserved 1048576K
}
Event: 15.441 GC heap after
{Heap after GC invocations=20 (full 0):
 garbage-first heap   total 58368K, used 33100K [0x0000000086600000, 0x0000000100000000)
  region size 1024K, 3 young (3072K), 3 survivors (3072K)
 Metaspace       used 65344K, committed 66048K, reserved 1114112K
  class space    used 9725K, committed 10048K, reserved 1048576K
}
Event: 15.549 GC heap before
{Heap before GC invocations=20 (full 0):
 garbage-first heap   total 58368K, used 50508K [0x0000000086600000, 0x0000000100000000)
  region size 1024K, 20 young (20480K), 3 survivors (3072K)
 Metaspace       used 65374K, committed 66112K, reserved 1114112K
  class space    used 9733K, committed 10048K, reserved 1048576K
}
Event: 15.558 GC heap after
{Heap after GC invocations=21 (full 0):
 garbage-first heap   total 58368K, used 33308K [0x0000000086600000, 0x0000000100000000)
  region size 1024K, 2 young (2048K), 2 survivors (2048K)
 Metaspace       used 65374K, committed 66112K, reserved 1114112K
  class space    used 9733K, committed 10048K, reserved 1048576K
}
Event: 15.652 GC heap before
{Heap before GC invocations=21 (full 0):
 garbage-first heap   total 58368K, used 50716K [0x0000000086600000, 0x0000000100000000)
  region size 1024K, 19 young (19456K), 2 survivors (2048K)
 Metaspace       used 65376K, committed 66112K, reserved 1114112K
  class space    used 9733K, committed 10048K, reserved 1048576K
}
Event: 15.657 GC heap after
{Heap after GC invocations=22 (full 0):
 garbage-first heap   total 58368K, used 34448K [0x0000000086600000, 0x0000000100000000)
  region size 1024K, 3 young (3072K), 3 survivors (3072K)
 Metaspace       used 65376K, committed 66112K, reserved 1114112K
  class space    used 9733K, committed 10048K, reserved 1048576K
}
Event: 15.737 GC heap before
{Heap before GC invocations=23 (full 0):
 garbage-first heap   total 78848K, used 48784K [0x0000000086600000, 0x0000000100000000)
  region size 1024K, 17 young (17408K), 3 survivors (3072K)
 Metaspace       used 65376K, committed 66112K, reserved 1114112K
  class space    used 9733K, committed 10048K, reserved 1048576K
}
Event: 15.744 GC heap after
{Heap after GC invocations=24 (full 0):
 garbage-first heap   total 101376K, used 37274K [0x0000000086600000, 0x0000000100000000)
  region size 1024K, 3 young (3072K), 3 survivors (3072K)
 Metaspace       used 65376K, committed 66112K, reserved 1114112K
  class space    used 9733K, committed 10048K, reserved 1048576K
}
Event: 16.058 GC heap before
{Heap before GC invocations=24 (full 0):
 garbage-first heap   total 101376K, used 86426K [0x0000000086600000, 0x0000000100000000)
  region size 1024K, 52 young (53248K), 3 survivors (3072K)
 Metaspace       used 65423K, committed 66112K, reserved 1114112K
  class space    used 9745K, committed 10048K, reserved 1048576K
}
Event: 16.085 GC heap after
{Heap after GC invocations=25 (full 0):
 garbage-first heap   total 108544K, used 54272K [0x0000000086600000, 0x0000000100000000)
  region size 1024K, 7 young (7168K), 7 survivors (7168K)
 Metaspace       used 65423K, committed 66112K, reserved 1114112K
  class space    used 9745K, committed 10048K, reserved 1048576K
}
Event: 16.126 GC heap before
{Heap before GC invocations=25 (full 0):
 garbage-first heap   total 108544K, used 64512K [0x0000000086600000, 0x0000000100000000)
  region size 1024K, 18 young (18432K), 7 survivors (7168K)
 Metaspace       used 65423K, committed 66112K, reserved 1114112K
  class space    used 9745K, committed 10048K, reserved 1048576K
}
Event: 16.138 GC heap after
{Heap after GC invocations=26 (full 0):
 garbage-first heap   total 108544K, used 59761K [0x0000000086600000, 0x0000000100000000)
  region size 1024K, 5 young (5120K), 5 survivors (5120K)
 Metaspace       used 65423K, committed 66112K, reserved 1114112K
  class space    used 9745K, committed 10048K, reserved 1048576K
}
Event: 16.235 GC heap before
{Heap before GC invocations=27 (full 0):
 garbage-first heap   total 132096K, used 87409K [0x0000000086600000, 0x0000000100000000)
  region size 1024K, 31 young (31744K), 5 survivors (5120K)
 Metaspace       used 65424K, committed 66112K, reserved 1114112K
  class space    used 9745K, committed 10048K, reserved 1048576K
}
Event: 16.247 GC heap after
{Heap after GC invocations=28 (full 0):
 garbage-first heap   total 132096K, used 68357K [0x0000000086600000, 0x0000000100000000)
  region size 1024K, 4 young (4096K), 4 survivors (4096K)
 Metaspace       used 65424K, committed 66112K, reserved 1114112K
  class space    used 9745K, committed 10048K, reserved 1048576K
}
Event: 16.360 GC heap before
{Heap before GC invocations=28 (full 0):
 garbage-first heap   total 132096K, used 103173K [0x0000000086600000, 0x0000000100000000)
  region size 1024K, 38 young (38912K), 4 survivors (4096K)
 Metaspace       used 65425K, committed 66112K, reserved 1114112K
  class space    used 9745K, committed 10048K, reserved 1048576K
}

Dll operation events (10 events):
Event: 0.021 Loaded shared library C:\Program Files\Java\jdk-21\bin\java.dll
Event: 0.241 Loaded shared library C:\Program Files\Java\jdk-21\bin\net.dll
Event: 0.249 Loaded shared library C:\Program Files\Java\jdk-21\bin\nio.dll
Event: 0.264 Loaded shared library C:\Program Files\Java\jdk-21\bin\zip.dll
Event: 0.564 Loaded shared library C:\Program Files\Java\jdk-21\bin\jimage.dll
Event: 1.177 Loaded shared library C:\Program Files\Java\jdk-21\bin\management.dll
Event: 1.192 Loaded shared library C:\Program Files\Java\jdk-21\bin\management_ext.dll
Event: 3.520 Loaded shared library C:\Program Files\Java\jdk-21\bin\sunmscapi.dll
Event: 7.410 Loaded shared library C:\Program Files\Java\jdk-21\bin\verify.dll
Event: 7.899 Loaded shared library C:\Program Files\Java\jdk-21\bin\extnet.dll

Deoptimization events (2 events):
Event: 10.910 Thread 0x000001d24c960460 DEOPT PACKING pc=0x000001d2009860dc sp=0x00000005056f9220
Event: 10.910 Thread 0x000001d24c960460 DEOPT UNPACKING pc=0x000001d2000588e2 sp=0x00000005056f86b8 mode 0

Classes loaded (20 events):
Event: 13.416 Loading class java/util/regex/Pattern$SliceI
Event: 13.416 Loading class java/util/regex/Pattern$SliceI done
Event: 13.417 Loading class java/util/regex/Pattern$LookBehindEndNode
Event: 13.417 Loading class java/util/regex/Pattern$LookBehindEndNode done
Event: 13.417 Loading class java/util/regex/Pattern$NotBehind
Event: 13.417 Loading class java/util/regex/Pattern$NotBehind done
Event: 13.417 Loading class java/util/regex/Pattern$Neg
Event: 13.417 Loading class java/util/regex/Pattern$Neg done
Event: 13.417 Loading class java/util/regex/Pattern$Behind
Event: 13.418 Loading class java/util/regex/Pattern$Behind done
Event: 13.596 Loading class java/util/EmptyStackException
Event: 13.597 Loading class java/util/EmptyStackException done
Event: 14.025 Loading class java/io/InvalidClassException
Event: 14.025 Loading class java/io/InvalidClassException done
Event: 14.978 Loading class java/util/stream/SortedOps$SizedRefSortingSink
Event: 14.978 Loading class java/util/stream/SortedOps$SizedRefSortingSink done
Event: 15.052 Loading class java/nio/channels/CompletionHandler
Event: 15.053 Loading class java/nio/channels/CompletionHandler done
Event: 15.883 Loading class java/lang/invoke/MethodHandleImpl$CountingWrapper$1
Event: 15.886 Loading class java/lang/invoke/MethodHandleImpl$CountingWrapper$1 done

Classes unloaded (0 events):
No events

Classes redefined (0 events):
No events

Internal exceptions (20 events):
Event: 11.185 Thread 0x000001d24c960460 Exception <a 'java/lang/NoSuchMethodError'{0x0000000089c3e748}: 'java.lang.Object java.lang.invoke.Invokers$Holder.linkToTargetMethod(java.lang.Object, int, java.lang.Object, java.lang.Object)'> (0x0000000089c3e748) 
thrown [s\open\src\hotspot\share\interpreter\linkResolver.cpp, line 773]
Event: 11.223 Thread 0x000001d24c960460 Exception <a 'java/lang/NoSuchMethodError'{0x0000000089b14900}: 'void java.lang.invoke.DirectMethodHandle$Holder.invokeSpecial(java.lang.Object, java.lang.Object, java.lang.Object, java.lang.Object, java.lang.Object, java.lang.Object, java.lang.Object, java.lang.Object)'> (0x0000000089b14900) 
thrown [s\open\src\hotspot\share\interpreter\linkResolver.cpp, line 773]
Event: 11.232 Thread 0x000001d24c960460 Exception <a 'java/lang/NoSuchMethodError'{0x0000000089b50070}: 'void java.lang.invoke.DirectMethodHandle$Holder.invokeSpecial(java.lang.Object, java.lang.Object, int, java.lang.Object)'> (0x0000000089b50070) 
thrown [s\open\src\hotspot\share\interpreter\linkResolver.cpp, line 773]
Event: 11.232 Thread 0x000001d24c960460 Exception <a 'java/lang/NoSuchMethodError'{0x0000000089b56ba8}: 'java.lang.Object java.lang.invoke.DirectMethodHandle$Holder.newInvokeSpecial(java.lang.Object, java.lang.Object, int)'> (0x0000000089b56ba8) 
thrown [s\open\src\hotspot\share\interpreter\linkResolver.cpp, line 773]
Event: 11.285 Thread 0x000001d24c960460 Exception <a 'java/lang/NoSuchMethodError'{0x0000000089ab4ef0}: 'int java.lang.invoke.DirectMethodHandle$Holder.invokeStatic(java.lang.Object, int, java.lang.Object)'> (0x0000000089ab4ef0) 
thrown [s\open\src\hotspot\share\interpreter\linkResolver.cpp, line 773]
Event: 11.290 Thread 0x000001d24c960460 Exception <a 'java/lang/NoSuchMethodError'{0x0000000089ad3ca8}: 'java.lang.Object java.lang.invoke.DirectMethodHandle$Holder.newInvokeSpecial(java.lang.Object, java.lang.Object, java.lang.Object, java.lang.Object, java.lang.Object, int, java.lang.Object)'> (0x0000000089ad3ca8) 
thrown [s\open\src\hotspot\share\interpreter\linkResolver.cpp, line 773]
Event: 11.299 Thread 0x000001d24c960460 Exception <a 'java/lang/NoSuchMethodError'{0x0000000089907fd0}: 'java.lang.Object java.lang.invoke.Invokers$Holder.linkToTargetMethod(java.lang.Object, java.lang.Object, java.lang.Object, java.lang.Object, java.lang.Object, java.lang.Object, java.lang.Object, java.lang.Object, java.lang.Object, java.lang.Object, java.lang.Object, java.lang.Object)'> (0x0000000089907fd0) 
thrown [s\open\src\hotspot\share\interpreter\linkResolver.cpp, line 773]
Event: 11.443 Thread 0x000001d24c960460 Exception <a 'java/lang/IncompatibleClassChangeError'{0x00000000898a5f58}: Found class java.lang.Object, but interface was expected> (0x00000000898a5f58) 
thrown [s\open\src\hotspot\share\interpreter\linkResolver.cpp, line 840]
Event: 11.468 Thread 0x000001d24c960460 Exception <a 'java/lang/NoSuchMethodError'{0x000000008971f990}: 'java.lang.Object java.lang.invoke.DirectMethodHandle$Holder.newInvokeSpecial(java.lang.Object, java.lang.Object, java.lang.Object, java.lang.Object, java.lang.Object, java.lang.Object, java.lang.Object, int)'> (0x000000008971f990) 
thrown [s\open\src\hotspot\share\interpreter\linkResolver.cpp, line 773]
Event: 11.468 Thread 0x000001d24c960460 Exception <a 'java/lang/NoSuchMethodError'{0x0000000089724700}: 'java.lang.Object java.lang.invoke.DirectMethodHandle$Holder.invokeSpecial(java.lang.Object, java.lang.Object, java.lang.Object, java.lang.Object, java.lang.Object, java.lang.Object, java.lang.Object, java.lang.Object, int)'> (0x0000000089724700) 
thrown [s\open\src\hotspot\share\interpreter\linkResolver.cpp, line 773]
Event: 11.469 Thread 0x000001d24c960460 Exception <a 'java/lang/NoSuchMethodError'{0x0000000089728f28}: 'java.lang.Object java.lang.invoke.Invokers$Holder.linkToTargetMethod(java.lang.Object, java.lang.Object, java.lang.Object, java.lang.Object, java.lang.Object, java.lang.Object, int, java.lang.Object)'> (0x0000000089728f28) 
thrown [s\open\src\hotspot\share\interpreter\linkResolver.cpp, line 773]
Event: 11.517 Thread 0x000001d24c960460 Exception <a 'java/lang/NoSuchMethodError'{0x00000000896158f0}: 'java.lang.Object java.lang.invoke.DirectMethodHandle$Holder.newInvokeSpecial(java.lang.Object, java.lang.Object, int, java.lang.Object, int, java.lang.Object, java.lang.Object)'> (0x00000000896158f0) 
thrown [s\open\src\hotspot\share\interpreter\linkResolver.cpp, line 773]
Event: 12.255 Thread 0x000001d24c960460 Exception <a 'java/lang/NoSuchMethodError'{0x0000000089124eb0}: 'java.lang.Object java.lang.invoke.DirectMethodHandle$Holder.invokeSpecial(java.lang.Object, java.lang.Object, int, java.lang.Object, int)'> (0x0000000089124eb0) 
thrown [s\open\src\hotspot\share\interpreter\linkResolver.cpp, line 773]
Event: 12.762 Thread 0x000001d24c960460 Exception <a 'java/lang/IncompatibleClassChangeError'{0x0000000088d52e90}: Found class java.lang.Object, but interface was expected> (0x0000000088d52e90) 
thrown [s\open\src\hotspot\share\interpreter\linkResolver.cpp, line 840]
Event: 12.891 Thread 0x000001d24c960460 Exception <a 'java/lang/IncompatibleClassChangeError'{0x0000000088cf9f78}: Found class java.lang.Object, but interface was expected> (0x0000000088cf9f78) 
thrown [s\open\src\hotspot\share\interpreter\linkResolver.cpp, line 840]
Event: 13.238 Thread 0x000001d24c960460 Exception <a 'java/lang/IncompatibleClassChangeError'{0x0000000089b5db88}: Found class java.lang.Object, but interface was expected> (0x0000000089b5db88) 
thrown [s\open\src\hotspot\share\interpreter\linkResolver.cpp, line 840]
Event: 13.357 Thread 0x000001d24c960460 Exception <a 'java/lang/IncompatibleClassChangeError'{0x000000008984f670}: Found class java.lang.Object, but interface was expected> (0x000000008984f670) 
thrown [s\open\src\hotspot\share\interpreter\linkResolver.cpp, line 840]
Event: 13.357 Thread 0x000001d24c960460 Exception <a 'java/lang/IncompatibleClassChangeError'{0x00000000898550f0}: Found class java.lang.Object, but interface was expected> (0x00000000898550f0) 
thrown [s\open\src\hotspot\share\interpreter\linkResolver.cpp, line 840]
Event: 15.053 Thread 0x000001d24c960460 Exception <a 'java/lang/NoSuchMethodError'{0x0000000088d1bae0}: 'long java.lang.invoke.DirectMethodHandle$Holder.invokeVirtual(java.lang.Object, java.lang.Object)'> (0x0000000088d1bae0) 
thrown [s\open\src\hotspot\share\interpreter\linkResolver.cpp, line 773]
Event: 15.061 Thread 0x000001d24c960460 Exception <a 'java/io/FileNotFoundException'{0x0000000088d48910}> (0x0000000088d48910) 
thrown [s\open\src\hotspot\share\prims\jni.cpp, line 520]

ZGC Phase Switch (0 events):
No events

VM Operations (20 events):
Event: 15.558 Executing VM operation: G1CollectForAllocation (G1 Evacuation Pause) done
Event: 15.652 Executing VM operation: G1CollectForAllocation (G1 Evacuation Pause)
Event: 15.657 Executing VM operation: G1CollectForAllocation (G1 Evacuation Pause) done
Event: 15.704 Executing VM operation: G1PauseRemark
Event: 15.709 Executing VM operation: G1PauseRemark done
Event: 15.731 Executing VM operation: G1PauseCleanup
Event: 15.731 Executing VM operation: G1PauseCleanup done
Event: 15.737 Executing VM operation: G1CollectForAllocation (G1 Evacuation Pause)
Event: 15.744 Executing VM operation: G1CollectForAllocation (G1 Evacuation Pause) done
Event: 16.058 Executing VM operation: G1CollectForAllocation (G1 Evacuation Pause)
Event: 16.085 Executing VM operation: G1CollectForAllocation (G1 Evacuation Pause) done
Event: 16.126 Executing VM operation: G1TryInitiateConcMark (G1 Humongous Allocation)
Event: 16.138 Executing VM operation: G1TryInitiateConcMark (G1 Humongous Allocation) done
Event: 16.195 Executing VM operation: G1PauseRemark
Event: 16.200 Executing VM operation: G1PauseRemark done
Event: 16.224 Executing VM operation: G1PauseCleanup
Event: 16.224 Executing VM operation: G1PauseCleanup done
Event: 16.235 Executing VM operation: G1CollectForAllocation (G1 Evacuation Pause)
Event: 16.247 Executing VM operation: G1CollectForAllocation (G1 Evacuation Pause) done
Event: 16.360 Executing VM operation: G1CollectForAllocation (G1 Evacuation Pause)

Events (20 events):
Event: 15.134 Thread 0x000001d273dd0b00 flushing nmethod 0x000001d2008dbc90
Event: 15.134 Thread 0x000001d273dd0b00 flushing nmethod 0x000001d2008e0690
Event: 15.134 Thread 0x000001d273dd0b00 flushing nmethod 0x000001d2008b3210
Event: 15.134 Thread 0x000001d273dd0b00 flushing nmethod 0x000001d200819510
Event: 15.134 Thread 0x000001d273dd0b00 flushing nmethod 0x000001d2007f2210
Event: 15.134 Thread 0x000001d273dd0b00 flushing nmethod 0x000001d20053c810
Event: 15.134 Thread 0x000001d273dd0b00 flushing nmethod 0x000001d200335410
Event: 15.134 Thread 0x000001d273dd0b00 flushing nmethod 0x000001d200303210
Event: 15.134 Thread 0x000001d273dd0b00 flushing nmethod 0x000001d2002c9e90
Event: 15.134 Thread 0x000001d273dd0b00 flushing nmethod 0x000001d2001c8f10
Event: 15.709 Thread 0x000001d273dd0b00 flushing nmethod 0x000001d200a9c110
Event: 15.709 Thread 0x000001d273dd0b00 flushing nmethod 0x000001d200aae810
Event: 15.709 Thread 0x000001d273dd0b00 flushing nmethod 0x000001d200aa9a10
Event: 15.709 Thread 0x000001d273dd0b00 flushing nmethod 0x000001d200a9e510
Event: 15.709 Thread 0x000001d273dd0b00 flushing nmethod 0x000001d20074b890
Event: 15.709 Thread 0x000001d273dd0b00 flushing nmethod 0x000001d20073fc90
Event: 15.709 Thread 0x000001d273dd0b00 flushing nmethod 0x000001d200715910
Event: 15.709 Thread 0x000001d273dd0b00 flushing nmethod 0x000001d20063ec90
Event: 15.709 Thread 0x000001d273dd0b00 flushing nmethod 0x000001d20052e110
Event: 15.709 Thread 0x000001d273dd0b00 flushing nmethod 0x000001d2003b7d10


Dynamic libraries:
0x00007ff7da5e0000 - 0x00007ff7da5f0000 	C:\Program Files\Java\jdk-21\bin\java.exe
0x00007ff86e210000 - 0x00007ff86e427000 	C:\WINDOWS\SYSTEM32\ntdll.dll
0x00007ff86ded0000 - 0x00007ff86df94000 	C:\WINDOWS\System32\KERNEL32.DLL
0x00007ff86b7d0000 - 0x00007ff86bb7c000 	C:\WINDOWS\System32\KERNELBASE.dll
0x00007ff86bdb0000 - 0x00007ff86bec1000 	C:\WINDOWS\System32\ucrtbase.dll
0x00007ff851060000 - 0x00007ff85107b000 	C:\Program Files\Java\jdk-21\bin\VCRUNTIME140.dll
0x00007ff8525d0000 - 0x00007ff8525e9000 	C:\Program Files\Java\jdk-21\bin\jli.dll
0x00007ff86cf90000 - 0x00007ff86d042000 	C:\WINDOWS\System32\ADVAPI32.dll
0x00007ff86c1f0000 - 0x00007ff86c297000 	C:\WINDOWS\System32\msvcrt.dll
0x00007ff86d9a0000 - 0x00007ff86da4a000 	C:\WINDOWS\System32\sechost.dll
0x00007ff86bb80000 - 0x00007ff86bba8000 	C:\WINDOWS\System32\bcrypt.dll
0x00007ff86cdb0000 - 0x00007ff86cec5000 	C:\WINDOWS\System32\RPCRT4.dll
0x00007ff86c2e0000 - 0x00007ff86c48e000 	C:\WINDOWS\System32\USER32.dll
0x00007ff853540000 - 0x00007ff8537d3000 	C:\WINDOWS\WinSxS\amd64_microsoft.windows.common-controls_6595b64144ccf1df_6.0.22621.3672_none_2713b9d173822955\COMCTL32.dll
0x00007ff86bd80000 - 0x00007ff86bda6000 	C:\WINDOWS\System32\win32u.dll
0x00007ff86c2b0000 - 0x00007ff86c2d9000 	C:\WINDOWS\System32\GDI32.dll
0x00007ff86b6b0000 - 0x00007ff86b7c9000 	C:\WINDOWS\System32\gdi32full.dll
0x00007ff86bbb0000 - 0x00007ff86bc4a000 	C:\WINDOWS\System32\msvcp_win.dll
0x00007ff8649e0000 - 0x00007ff8649ea000 	C:\WINDOWS\SYSTEM32\VERSION.dll
0x00007ff86ced0000 - 0x00007ff86cf01000 	C:\WINDOWS\System32\IMM32.DLL
0x00007ff863820000 - 0x00007ff86382c000 	C:\Program Files\Java\jdk-21\bin\vcruntime140_1.dll
0x00007ff84f590000 - 0x00007ff84f61e000 	C:\Program Files\Java\jdk-21\bin\msvcp140.dll
0x00007ff81ccd0000 - 0x00007ff81d9dd000 	C:\Program Files\Java\jdk-21\bin\server\jvm.dll
0x00007ff86cf10000 - 0x00007ff86cf81000 	C:\WINDOWS\System32\WS2_32.dll
0x00007ff86b400000 - 0x00007ff86b44d000 	C:\WINDOWS\SYSTEM32\POWRPROF.dll
0x00007ff8653d0000 - 0x00007ff865404000 	C:\WINDOWS\SYSTEM32\WINMM.dll
0x00007ff86b330000 - 0x00007ff86b343000 	C:\WINDOWS\SYSTEM32\UMPDC.dll
0x00007ff86a530000 - 0x00007ff86a548000 	C:\WINDOWS\SYSTEM32\kernel.appcore.dll
0x00007ff850e80000 - 0x00007ff850e8a000 	C:\Program Files\Java\jdk-21\bin\jimage.dll
0x00007ff868d70000 - 0x00007ff868fa2000 	C:\WINDOWS\SYSTEM32\DBGHELP.DLL
0x00007ff86d060000 - 0x00007ff86d3e8000 	C:\WINDOWS\System32\combase.dll
0x00007ff86c110000 - 0x00007ff86c1e7000 	C:\WINDOWS\System32\OLEAUT32.dll
0x00007ff8472c0000 - 0x00007ff8472f2000 	C:\WINDOWS\SYSTEM32\dbgcore.DLL
0x00007ff86bed0000 - 0x00007ff86bf4b000 	C:\WINDOWS\System32\bcryptPrimitives.dll
0x00007ff850dc0000 - 0x00007ff850ddf000 	C:\Program Files\Java\jdk-21\bin\java.dll
0x00007ff86c4f0000 - 0x00007ff86cd4c000 	C:\WINDOWS\System32\SHELL32.dll
0x00007ff869440000 - 0x00007ff869d37000 	C:\WINDOWS\SYSTEM32\windows.storage.dll
0x00007ff869300000 - 0x00007ff86943f000 	C:\WINDOWS\SYSTEM32\wintypes.dll
0x00007ff86d3f0000 - 0x00007ff86d4e4000 	C:\WINDOWS\System32\SHCORE.dll
0x00007ff86dff0000 - 0x00007ff86e04e000 	C:\WINDOWS\System32\shlwapi.dll
0x00007ff86b470000 - 0x00007ff86b491000 	C:\WINDOWS\SYSTEM32\profapi.dll
0x00007ff850e70000 - 0x00007ff850e80000 	C:\Program Files\Java\jdk-21\bin\net.dll
0x00007ff867690000 - 0x00007ff8677c6000 	C:\WINDOWS\SYSTEM32\WINHTTP.dll
0x00007ff86a9a0000 - 0x00007ff86aa09000 	C:\WINDOWS\system32\mswsock.dll
0x00007ff850da0000 - 0x00007ff850db6000 	C:\Program Files\Java\jdk-21\bin\nio.dll
0x00007ff850d80000 - 0x00007ff850d98000 	C:\Program Files\Java\jdk-21\bin\zip.dll
0x00007ff850d60000 - 0x00007ff850d6a000 	C:\Program Files\Java\jdk-21\bin\management.dll
0x00007ff850bb0000 - 0x00007ff850bbb000 	C:\Program Files\Java\jdk-21\bin\management_ext.dll
0x00007ff86d990000 - 0x00007ff86d998000 	C:\WINDOWS\System32\PSAPI.DLL
0x00007ff850ba0000 - 0x00007ff850bae000 	C:\Program Files\Java\jdk-21\bin\sunmscapi.dll
0x00007ff86b540000 - 0x00007ff86b6a7000 	C:\WINDOWS\System32\CRYPT32.dll
0x00007ff86ae00000 - 0x00007ff86ae2e000 	C:\WINDOWS\SYSTEM32\ncrypt.dll
0x00007ff86adc0000 - 0x00007ff86adf7000 	C:\WINDOWS\SYSTEM32\NTASN1.dll
0x00007ff86abd0000 - 0x00007ff86abeb000 	C:\WINDOWS\SYSTEM32\CRYPTSP.dll
0x00007ff86a490000 - 0x00007ff86a4c5000 	C:\WINDOWS\system32\rsaenh.dll
0x00007ff86aa60000 - 0x00007ff86aa88000 	C:\WINDOWS\SYSTEM32\USERENV.dll
0x00007ff86abf0000 - 0x00007ff86abfc000 	C:\WINDOWS\SYSTEM32\CRYPTBASE.dll
0x00007ff869fa0000 - 0x00007ff869fcd000 	C:\WINDOWS\SYSTEM32\IPHLPAPI.DLL
0x00007ff86d050000 - 0x00007ff86d059000 	C:\WINDOWS\System32\NSI.dll
0x00007ff850d70000 - 0x00007ff850d80000 	C:\Program Files\Java\jdk-21\bin\verify.dll
0x00007ff869fd0000 - 0x00007ff86a0c8000 	C:\WINDOWS\SYSTEM32\DNSAPI.dll
0x0000000076fe0000 - 0x0000000077006000 	C:\Program Files\Bonjour\mdnsNSP.dll
0x00007ff863810000 - 0x00007ff86381a000 	C:\Windows\System32\rasadhlp.dll
0x00007ff864480000 - 0x00007ff864503000 	C:\WINDOWS\System32\fwpuclnt.dll
0x00007ff850b90000 - 0x00007ff850b99000 	C:\Program Files\Java\jdk-21\bin\extnet.dll

dbghelp: loaded successfully - version: 4.0.5 - missing functions: none
symbol engine: initialized successfully - sym options: 0x614 - pdb path: .;C:\Program Files\Java\jdk-21\bin;C:\WINDOWS\SYSTEM32;C:\WINDOWS\WinSxS\amd64_microsoft.windows.common-controls_6595b64144ccf1df_6.0.22621.3672_none_2713b9d173822955;C:\Program Files\Java\jdk-21\bin\server;C:\Program Files\Bonjour

VM Arguments:
jvm_args: -XX:TieredStopAtLevel=1 
java_command: com.auca_hr.AUCA_HR_System.AucaHrSystemApplication
java_class_path (initial): C:\Users\Gertrude\Downloads\AUCA-HR-System\AUCA-HR-System\target\classes;C:\Users\Gertrude\.m2\repository\ch\qos\logback\logback-classic\1.5.18\logback-classic-1.5.18.jar;C:\Users\Gertrude\.m2\repository\ch\qos\logback\logback-core\1.5.18\logback-core-1.5.18.jar;C:\Users\Gertrude\.m2\repository\org\apache\logging\log4j\log4j-to-slf4j\2.24.3\log4j-to-slf4j-2.24.3.jar;C:\Users\Gertrude\.m2\repository\org\apache\logging\log4j\log4j-api\2.24.3\log4j-api-2.24.3.jar;C:\Users\Gertrude\.m2\repository\org\slf4j\jul-to-slf4j\2.0.17\jul-to-slf4j-2.0.17.jar;C:\Users\Gertrude\.m2\repository\jakarta\annotation\jakarta.annotation-api\2.1.1\jakarta.annotation-api-2.1.1.jar;C:\Users\Gertrude\.m2\repository\org\yaml\snakeyaml\2.4\snakeyaml-2.4.jar;C:\Users\Gertrude\.m2\repository\com\zaxxer\HikariCP\6.3.0\HikariCP-6.3.0.jar;C:\Users\Gertrude\.m2\repository\org\springframework\spring-jdbc\6.2.7\spring-jdbc-6.2.7.jar;C:\Users\Gertrude\.m2\repository\org\hibernate\orm\hibernate-core\6.6.15.Final\hibernate-core-6.6.15.Final.jar;C:\Users\Gertrude\.m2\repository\jakarta\persistence\jakarta.persistence-api\3.1.0\jakarta.persistence-api-3.1.0.jar;C:\Users\Gertrude\.m2\repository\jakarta\transaction\jakarta.transaction-api\2.0.1\jakarta.transaction-api-2.0.1.jar;C:\Users\Gertrude\.m2\repository\org\jboss\logging\jboss-logging\3.6.1.Final\jboss-logging-3.6.1.Final.jar;C:\Users\Gertrude\.m2\repository\org\hibernate\common\hibernate-commons-annotations\7.0.3.Final\hibernate-commons-annotations-7.0.3.Final.jar;C:\Users\Gertrude\.m2\repository\io\smallrye\jandex\3.2.0\jandex-3.2.0.jar;C:\Users\Gertrude\.m2\repository\com\fasterxml\classmate\1.7.0\classmate-1.7.0.jar;C:\Users\Gertrude\.m2\repository\net\bytebuddy\byte-buddy\1.17.5\byte-buddy-1.17.5.jar;C:\Users\Gertrude\.m2\repository\org\glassfish\jaxb\jaxb-runtime\4.0.5\jaxb-runtime-4.0.5.jar;C:\Users\Gertrude\.m2\repository\org\glassfish\jaxb\jaxb-core\4.0.5\jaxb-core-4.0.5.jar;C:\Users\Gertrude\.m2\repository\org\glassfish\jaxb\txw2\4.0.5\txw2-4.0.5.jar;C:\Users\Gertrude\.m2\repository\com\sun\istack\istack-commons-runtime\4.1.2\istack-commons-runtime-4.1.2.jar;C:\Users\Gertrude\.m2\repository\jakarta\inject\jakarta.inject-api\2.0.1\jakarta.inject-api-2.0.1.jar;C:\Users\Gertrude\.m2\repository\org\antlr\antlr4-runtime\4.13.0\antlr4-runtime-4.13.0.jar;C:\Users\Gertrude\.m2\repository\org\springframework\data\spring-data-jpa\3.5.0\spring-data-jpa-3.5.0.jar;C:\Users\Gertrude\.m2\repository\org\springframework\data\spring-data-commons\3.5.0\spring-data-commons-3.5.0.jar;C:\Users\Gertrude\.m2\repository\org\springframework\spring-orm\6.2.7\spring-orm-6.2.7.jar;C:\Users\Gertrude\.m2\repository\org\springframework\spring-context\6.2.7\spring-context-6.2.7.jar;C:\Users\Gertrude\.m2\repository\org\springframework\spring-tx\6.2.7\spring-tx-6.2.7.jar;C:\Users\Gertrude\.m2\repository\org\springframework\spring-beans\6.2.7\spring-beans-6.2.7.jar;C:\Users\Gertrude\.m2\repository\org\slf4j\slf4j-api\2.0.17\slf4j-api-2.0.17.jar;C:\Users\Gertrude\.m2\repository\org\springframework\spring-aspects\6.2.7\spring-aspects-6.2.7.jar;C:\Users\Gertrude\.m2\repository\org\aspectj\aspectjweaver\1.9.24\aspectjweaver-1.9.24.jar;C:\Users\Gertrude\.m2\repository\org\springframework\spring-aop\6.2.7\spring-aop-6.2.7.jar;C:\Users\Gertrude\.m2\repository\org\springframework\security\spring-security-config\6.5.0\spring-security-config-6.5.0.jar;C:\Users\Gertrude\.m2\repository\org\springframework\security\spring-security-web\6.5.0\spring-security-web-6.5.0.jar;C:\Users\Gertrude\.m2\repository\org\springframework\spring-expression\6.2.7\spring-expression-6.2.7.jar;C:\Users\Gertrude\.m2\repository\com\fasterxml\jackson\datatype\jackson-datatype-jdk8\2.19.0\jackson-datatype-jdk8-2.19.0.jar;C:\Users\Gertrude\.m2\repository\com\fasterxml\jackson\datatype\jackson-datatype-jsr310\2.19.0\jackson-datatype-jsr310-2.19.0.jar;C:\Users\Gertrude\.m2\repository\com\fasterxml\jackson\module\jackson-module-parameter-names\2.19.0\jackson-module-parameter-names-2.19.0.jar;C:\Users\Gertrude\.m2\repository\org\apache\tomcat\embed\tomcat-embed-core\10.1.41\tomcat-embed-core-10.1.41.jar;C:\Users\Gertrude\.m2\repository\org\apache\tomcat\embed\tomcat-embed-websocket\10.1.41\tomcat-embed-websocket-10.1.41.jar;C:\Users\Gertrude\.m2\repository\org\springframework\spring-web\6.2.7\spring-web-6.2.7.jar;C:\Users\Gertrude\.m2\repository\io\micrometer\micrometer-observation\1.15.0\micrometer-observation-1.15.0.jar;C:\Users\Gertrude\.m2\repository\io\micrometer\micrometer-commons\1.15.0\micrometer-commons-1.15.0.jar;C:\Users\Gertrude\.m2\repository\org\springframework\spring-webmvc\6.2.7\spring-webmvc-6.2.7.jar;C:\Users\Gertrude\.m2\repository\org\springframework\boot\spring-boot-devtools\3.5.0\spring-boot-devtools-3.5.0.jar;C:\Users\Gertrude\.m2\repository\org\springframework\boot\spring-boot\3.5.0\spring-boot-3.5.0.jar;C:\Users\Gertrude\.m2\repository\org\springframework\boot\spring-boot-autoconfigure\3.5.0\spring-boot-autoconfigure-3.5.0.jar;C:\Users\Gertrude\.m2\repository\org\postgresql\postgresql\42.7.5\postgresql-42.7.5.jar;C:\Users\Gertrude\.m2\repository\org\checkerframework\checker-qual\3.48.3\checker-qual-3.48.3.jar;C:\Users\Gertrude\.m2\repository\jakarta\xml\bind\jakarta.xml.bind-api\4.0.2\jakarta.xml.bind-api-4.0.2.jar;C:\Users\Gertrude\.m2\repository\jakarta\activation\jakarta.activation-api\2.1.3\jakarta.activation-api-2.1.3.jar;C:\Users\Gertrude\.m2\repository\org\springframework\spring-core\6.2.7\spring-core-6.2.7.jar;C:\Users\Gertrude\.m2\repository\org\springframework\spring-jcl\6.2.7\spring-jcl-6.2.7.jar;C:\Users\Gertrude\.m2\repository\org\springframework\security\spring-security-core\6.5.0\spring-security-core-6.5.0.jar;C:\Users\Gertrude\.m2\repository\org\springframework\security\spring-security-crypto\6.5.0\spring-security-crypto-6.5.0.jar;C:\Users\Gertrude\.m2\repository\org\apache\tomcat\embed\tomcat-embed-el\10.1.41\tomcat-embed-el-10.1.41.jar;C:\Users\Gertrude\.m2\repository\org\hibernate\validator\hibernate-validator\8.0.2.Final\hibernate-validator-8.0.2.Final.jar;C:\Users\Gertrude\.m2\repository\jakarta\validation\jakarta.validation-api\3.0.2\jakarta.validation-api-3.0.2.jar;C:\Users\Gertrude\.m2\repository\com\cloudinary\cloudinary-http44\1.37.0\cloudinary-http44-1.37.0.jar;C:\Users\Gertrude\.m2\repository\com\cloudinary\cloudinary-core\1.37.0\cloudinary-core-1.37.0.jar;C:\Users\Gertrude\.m2\repository\org\apache\commons\commons-lang3\3.17.0\commons-lang3-3.17.0.jar;C:\Users\Gertrude\.m2\repository\org\apache\httpcomponents\httpclient\4.4\httpclient-4.4.jar;C:\Users\Gertrude\.m2\repository\org\apache\httpcomponents\httpcore\4.4.16\httpcore-4.4.16.jar;C:\Users\Gertrude\.m2\repository\commons-logging\commons-logging\1.2\commons-logging-1.2.jar;C:\Users\Gertrude\.m2\repository\commons-codec\commons-codec\1.18.0\commons-codec-1.18.0.jar;C:\Users\Gertrude\.m2\repository\org\apache\httpcomponents\httpmime\4.4\httpmime-4.4.jar;C:\Users\Gertrude\.m2\repository\io\jsonwebtoken\jjwt-api\0.12.3\jjwt-api-0.12.3.jar;C:\Users\Gertrude\.m2\repository\io\jsonwebtoken\jjwt-impl\0.12.3\jjwt-impl-0.12.3.jar;C:\Users\Gertrude\.m2\repository\io\jsonwebtoken\jjwt-jackson\0.12.3\jjwt-jackson-0.12.3.jar;C:\Users\Gertrude\.m2\repository\com\fasterxml\jackson\core\jackson-databind\2.19.0\jackson-databind-2.19.0.jar;C:\Users\Gertrude\.m2\repository\com\fasterxml\jackson\core\jackson-annotations\2.19.0\jackson-annotations-2.19.0.jar;C:\Users\Gertrude\.m2\repository\com\fasterxml\jackson\core\jackson-core\2.19.0\jackson-core-2.19.0.jar;C:\Users\Gertrude\.m2\repository\org\springframework\spring-context-support\6.2.7\spring-context-support-6.2.7.jar;C:\Users\Gertrude\.m2\repository\org\eclipse\angus\jakarta.mail\2.0.3\jakarta.mail-2.0.3.jar;C:\Users\Gertrude\.m2\repository\org\eclipse\angus\angus-activation\2.0.2\angus-activation-2.0.2.jar;C:\Users\Gertrude\.m2\repository\org\springframework\spring-messaging\6.2.7\spring-messaging-6.2.7.jar;C:\Users\Gertrude\.m2\repository\org\springframework\spring-websocket\6.2.7\spring-websocket-6.2.7.jar
Launcher Type: SUN_STANDARD

[Global flags]
     intx CICompilerCount                          = 4                                         {product} {ergonomic}
     uint ConcGCThreads                            = 2                                         {product} {ergonomic}
     uint G1ConcRefinementThreads                  = 8                                         {product} {ergonomic}
   size_t G1HeapRegionSize                         = 1048576                                   {product} {ergonomic}
    uintx GCDrainStackTargetSize                   = 64                                        {product} {ergonomic}
   size_t InitialHeapSize                          = 127926272                                 {product} {ergonomic}
   size_t MarkStackSize                            = 4194304                                   {product} {ergonomic}
   size_t MaxHeapSize                              = 2040528896                                {product} {ergonomic}
   size_t MaxNewSize                               = 1223688192                                {product} {ergonomic}
   size_t MinHeapDeltaBytes                        = 1048576                                   {product} {ergonomic}
   size_t MinHeapSize                              = 8388608                                   {product} {ergonomic}
    uintx NonNMethodCodeHeapSize                   = 4096                                   {pd product} {ergonomic}
    uintx NonProfiledCodeHeapSize                  = 0                                      {pd product} {ergonomic}
     bool ProfileInterpreter                       = false                                  {pd product} {command line}
    uintx ProfiledCodeHeapSize                     = 0                                      {pd product} {ergonomic}
   size_t SoftMaxHeapSize                          = 2040528896                             {manageable} {ergonomic}
     intx TieredStopAtLevel                        = 1                                         {product} {command line}
     bool UseCompressedOops                        = true                           {product lp64_product} {ergonomic}
     bool UseG1GC                                  = true                                      {product} {ergonomic}
     bool UseLargePagesIndividualAllocation        = false                                  {pd product} {ergonomic}

Logging:
Log output configuration:
 #0: stdout all=warning uptime,level,tags foldmultilines=false
 #1: stderr all=off uptime,level,tags foldmultilines=false

Environment Variables:
JAVA_HOME=C:\Program Files\Java\jdk-21
PATH=c:\Users\Gertrude\AppData\Local\Programs\cursor\resources\app\bin;C:\Program Files\Google\Chrome\Application;C:\Program Files\Common Files\Oracle\Java\javapath;C:\Program Files\OpenJDK\jre-8.0.362.09-hotspot;C:\WINDOWS\system32;C:\WINDOWS;C:\WINDOWS\System32\Wbem;C:\WINDOWS\System32\WindowsPowerShell\v1.0\;C:\WINDOWS\System32\OpenSSH\;C:\ProgramData\chocolatey\bin;C:\Program Files\MySQL\MySQL Server 8.0\bin;C:\Program Files\Python311;\users\gertrude\appdata\roaming\python\python311\site-packages;C:\Users\Gertrude\AppData\Roaming\Python\Python311\Scripts;C:\Users\Gertrude\AppData\Roaming\Python\Python311\site-packages\pandas;C:\Program Files\Git\cmd;C:\Program Files\dotnet\;C:\Program Files\nodejs\;C:\src\flutter\bin;C:\Program Files\Android\Android Studio\bin;C:\Users\Gertrude\Downloads\apache-maven-3.9.6-bin\apache-maven-3.9.6\bin;C:\Users\Gertrude\Downloads\elasticsearch-8.15.1-windows-x86_64\elasticsearch-8.15.1\bin;C:\Users\Gertrude\Downloads\logstash-8.15.1\bin;C:\Users\Gertrude\D;C:\Users\Gertrude\AppData\Local\Microsoft\WindowsApps;C:\Program Files\CodeBlocks\MinGW\bin;C:\Users\Gertrude\AppData\Local\Programs\Microsoft VS Code\bin;C:\Program Files\Azure Data Studio\bin;C:\Program Files\Python311;\users\gertrude\appdata\roaming\python\python311\site-packages;C:\Users\Gertrude\AppData\Roaming\Python\Python311\Scripts;C:\Program Files\OpenJDK\jre-8.0.362.09-hotspot\bin;C:\Program Files\JetBrains\IntelliJ IDEA Community Edition 2024.1.3\bin;;C:\Program Files\JetBrains\IntelliJ IDEA 2024.1.3\bin;;C:\php;C:\Users\Gertrude\AppData\Roaming\npm;C:\Program Files\Android\Android Studio\bin;C:\src\flutter_windows_3.22.0-stable\flutter\dev;C:\src\flutter_windows_3.22.0-stable\flutter\bin;C:\Program Files\Java\jdk-21\bin;C:\Users\Gertrude\Downloads\elasticsearch-8.15.1-windows-x86_64\elasticsearch-8.15.1\bin
USERNAME=Gertrude
OS=Windows_NT
PROCESSOR_IDENTIFIER=Intel64 Family 6 Model 126 Stepping 5, GenuineIntel
TMP=C:\Users\Gertrude\AppData\Local\Temp
TEMP=C:\Users\Gertrude\AppData\Local\Temp




Periodic native trim disabled

---------------  S Y S T E M  ---------------

OS:
 Windows 11 , 64 bit Build 22621 (10.0.22621.3672)
OS uptime: 0 days 3:10 hours
Hyper-V role detected

CPU: total 8 (initial active 8) (4 cores per cpu, 2 threads per core) family 6 model 126 stepping 5 microcode 0xbc, cx8, cmov, fxsr, ht, mmx, 3dnowpref, sse, sse2, sse3, ssse3, sse4.1, sse4.2, popcnt, lzcnt, tsc, tscinvbit, avx, avx2, aes, erms, clmul, bmi1, bmi2, adx, avx512f, avx512dq, avx512cd, avx512bw, avx512vl, sha, fma, vzeroupper, avx512_vpopcntdq, avx512_vpclmulqdq, avx512_vaes, avx512_vnni, clflush, clflushopt, avx512_vbmi2, avx512_vbmi, hv, rdtscp, rdpid, fsrm, gfni, avx512_bitalg, f16c, avx512_ifma
Processor Information for all 8 processors :
  Max Mhz: 1190, Current Mhz: 991, Mhz Limit: 987

Memory: 4k page, system-wide physical 7778M (140M free)
TotalPageFile size 16589M (AvailPageFile size 145M)
current process WorkingSet (physical memory assigned to process): 286M, peak: 286M
current process commit charge ("private bytes"): 326M, peak: 584M

vm_info: Java HotSpot(TM) 64-Bit Server VM (21.0.3+7-LTS-152) for windows-amd64 JRE (21.0.3+7-LTS-152), built on 2024-03-11T17:42:26Z by "mach5one" with MS VC++ 17.6 (VS2022)

END.
